[ 25%] [32mBuilding CXX object CMakeFiles/plu_virtual_wall.dir/src/virtual_wall_layer.cpp.o[0m
[01m[K/home/khanh247/software_simulation/turtlebot3_ws/src/plu_virtual_wall/src/virtual_wall_layer.cpp:[m[K In member function â€˜[01m[Kvirtual void virtual_wall_ros2::VirtualWallLayer::updateBounds(double, double, double, double*, double*, double*, double*)[m[Kâ€™:
[01m[K/home/khanh247/software_simulation/turtlebot3_ws/src/plu_virtual_wall/src/virtual_wall_layer.cpp:191:33:[m[K [01;31m[Kerror: [m[Kâ€˜[01m[Kbounds_min_x_[m[Kâ€™ was not declared in this scope
  191 |       *min_x = std::min(*min_x, [01;31m[Kbounds_min_x_[m[K);
      |                                 [01;31m[K^~~~~~~~~~~~~[m[K
[01m[K/home/khanh247/software_simulation/turtlebot3_ws/src/plu_virtual_wall/src/virtual_wall_layer.cpp:192:31:[m[K [01;31m[Kerror: [m[Kâ€˜[01m[Kbounds_min_y_[m[Kâ€™ was not declared in this scope
  192 |     *min_y = std::min(*min_y, [01;31m[Kbounds_min_y_[m[K);
      |                               [01;31m[K^~~~~~~~~~~~~[m[K
[01m[K/home/khanh247/software_simulation/turtlebot3_ws/src/plu_virtual_wall/src/virtual_wall_layer.cpp:193:31:[m[K [01;31m[Kerror: [m[Kâ€˜[01m[Kbounds_max_x_[m[Kâ€™ was not declared in this scope
  193 |     *max_x = std::max(*max_x, [01;31m[Kbounds_max_x_[m[K);
      |                               [01;31m[K^~~~~~~~~~~~~[m[K
[01m[K/home/khanh247/software_simulation/turtlebot3_ws/src/plu_virtual_wall/src/virtual_wall_layer.cpp:194:31:[m[K [01;31m[Kerror: [m[Kâ€˜[01m[Kbounds_max_y_[m[Kâ€™ was not declared in this scope
  194 |     *max_y = std::max(*max_y, [01;31m[Kbounds_max_y_[m[K);
      |                               [01;31m[K^~~~~~~~~~~~~[m[K
[01m[K/home/khanh247/software_simulation/turtlebot3_ws/src/plu_virtual_wall/src/virtual_wall_layer.cpp:183:48:[m[K [01;35m[Kwarning: [m[Kunused parameter â€˜[01m[Korigin_x[m[Kâ€™ [[01;35m[K]8;;https://gcc.gnu.org/onlinedocs/gcc/Warning-Options.html#index-Wunused-parameter-Wunused-parameter]8;;[m[K]
  183 | ualWallLayer::updateBounds([01;35m[Kdouble origin_x[m[K, double origin_y, double origin_yaw, double *min_x, double *min_y, double *max_x, double *max_y)
      |                            [01;35m[K~~~~~~~^~~~~~~~[m[K

[01m[K/home/khanh247/software_simulation/turtlebot3_ws/src/plu_virtual_wall/src/virtual_wall_layer.cpp:183:65:[m[K [01;35m[Kwarning: [m[Kunused parameter â€˜[01m[Korigin_y[m[Kâ€™ [[01;35m[K]8;;https://gcc.gnu.org/onlinedocs/gcc/Warning-Options.html#index-Wunused-parameter-Wunused-parameter]8;;[m[K]
  183 | ateBounds(double origin_x, [01;35m[Kdouble origin_y[m[K, double origin_yaw, double *min_x, double *min_y, double *max_x, double *max_y)
      |                            [01;35m[K~~~~~~~^~~~~~~~[m[K

[01m[K/home/khanh247/software_simulation/turtlebot3_ws/src/plu_virtual_wall/src/virtual_wall_layer.cpp:183:82:[m[K [01;35m[Kwarning: [m[Kunused parameter â€˜[01m[Korigin_yaw[m[Kâ€™ [[01;35m[K]8;;https://gcc.gnu.org/onlinedocs/gcc/Warning-Options.html#index-Wunused-parameter-Wunused-parameter]8;;[m[K]
  183 | origin_x, double origin_y, [01;35m[Kdouble origin_yaw[m[K, double *min_x, double *min_y, double *max_x, double *max_y)
      |                            [01;35m[K~~~~~~~^~~~~~~~~~[m[K

gmake[2]: *** [CMakeFiles/plu_virtual_wall.dir/build.make:76: CMakeFiles/plu_virtual_wall.dir/src/virtual_wall_layer.cpp.o] Error 1
gmake[1]: *** [CMakeFiles/Makefile2:139: CMakeFiles/plu_virtual_wall.dir/all] Error 2
gmake: *** [Makefile:146: all] Error 2
