[0.016s] Invoking command in '/home/khanh247/virtual_wall_ros2/software_simulation/turtlebot3_ws/build/plu_virtual_wall': AMENT_PREFIX_PATH=/home/khanh247/virtual_wall_ros2/software_simulation/turtlebot3_ws/install/nav2_costmap_2d:/home/khanh247/virtual_wall_ros2/software_simulation/turtlebot3_ws/install/nav2_map_server:/home/khanh247/virtual_wall_ros2/software_simulation/turtlebot3_ws/install/nav2_lifecycle_manager:/home/khanh247/virtual_wall_ros2/software_simulation/turtlebot3_ws/install/nav2_util:/home/khanh247/virtual_wall_ros2/software_simulation/turtlebot3_ws/install/nav2_voxel_grid:/home/khanh247/virtual_wall_ros2/software_simulation/turtlebot3_ws/install/nav2_msgs:/home/khanh247/virtual_wall_ros2/software_simulation/turtlebot3_ws/install/nav2_common:${AMENT_PREFIX_PATH} CMAKE_PREFIX_PATH=/home/khanh247/virtual_wall_ros2/software_simulation/turtlebot3_ws/install/nav2_costmap_2d:/home/khanh247/virtual_wall_ros2/software_simulation/turtlebot3_ws/install/nav2_map_server:/home/khanh247/virtual_wall_ros2/software_simulation/turtlebot3_ws/install/nav2_lifecycle_manager:/home/khanh247/virtual_wall_ros2/software_simulation/turtlebot3_ws/install/nav2_util:/home/khanh247/virtual_wall_ros2/software_simulation/turtlebot3_ws/install/nav2_voxel_grid:/home/khanh247/virtual_wall_ros2/software_simulation/turtlebot3_ws/install/nav2_msgs:/home/khanh247/virtual_wall_ros2/software_simulation/turtlebot3_ws/install/nav2_common:/opt/ros/humble LD_LIBRARY_PATH=/home/khanh247/virtual_wall_ros2/software_simulation/turtlebot3_ws/install/nav2_costmap_2d/lib:/home/khanh247/virtual_wall_ros2/software_simulation/turtlebot3_ws/install/nav2_map_server/lib:/home/khanh247/virtual_wall_ros2/software_simulation/turtlebot3_ws/install/nav2_lifecycle_manager/lib:/home/khanh247/virtual_wall_ros2/software_simulation/turtlebot3_ws/install/nav2_util/lib:/home/khanh247/virtual_wall_ros2/software_simulation/turtlebot3_ws/install/nav2_voxel_grid/lib:/home/khanh247/virtual_wall_ros2/software_simulation/turtlebot3_ws/install/nav2_msgs/lib:${LD_LIBRARY_PATH} PYTHONPATH=/home/khanh247/virtual_wall_ros2/software_simulation/turtlebot3_ws/install/nav2_msgs/local/lib/python3.10/dist-packages:/home/khanh247/virtual_wall_ros2/software_simulation/turtlebot3_ws/install/nav2_common/local/lib/python3.10/dist-packages:${PYTHONPATH} /usr/bin/cmake --build /home/khanh247/virtual_wall_ros2/software_simulation/turtlebot3_ws/build/plu_virtual_wall -- -j16 -l16
[0.036s] -- Found ament_cmake: 1.3.9 (/opt/ros/humble/share/ament_cmake/cmake)
[0.125s] -- Found rclcpp: 16.0.9 (/opt/ros/humble/share/rclcpp/cmake)
[0.147s] -- Found rosidl_generator_c: 3.1.5 (/opt/ros/humble/share/rosidl_generator_c/cmake)
[0.149s] -- Found rosidl_adapter: 3.1.5 (/opt/ros/humble/share/rosidl_adapter/cmake)
[0.154s] -- Found rosidl_generator_cpp: 3.1.5 (/opt/ros/humble/share/rosidl_generator_cpp/cmake)
[0.162s] -- Using all available rosidl_typesupport_c: rosidl_typesupport_fastrtps_c;rosidl_typesupport_introspection_c
[0.174s] -- Using all available rosidl_typesupport_cpp: rosidl_typesupport_fastrtps_cpp;rosidl_typesupport_introspection_cpp
[0.218s] -- Found rmw_implementation_cmake: 6.1.2 (/opt/ros/humble/share/rmw_implementation_cmake/cmake)
[0.220s] -- Found rmw_fastrtps_cpp: 6.2.6 (/opt/ros/humble/share/rmw_fastrtps_cpp/cmake)
[0.306s] -- Using RMW implementation 'rmw_fastrtps_cpp' as default
[0.427s] -- Found nav2_costmap_2d: 1.1.15 (/opt/ros/humble/share/nav2_costmap_2d/cmake)
[1.146s] -- Ensuring Eigen3 include directory is part of orocos-kdl CMake target
[1.825s] -- Found pcl_ros: 2.4.0 (/opt/ros/humble/share/pcl_ros/cmake)
[2.048s] -- Eigen found (include: /usr/include/eigen3, version: 3.4.0)
[2.074s] -- FLANN found (include: /usr/include, lib: /usr/lib/x86_64-linux-gnu/libflann_cpp.so)
[2.289s] -- OpenNI found (version: 1.5.4.0, include: /usr/include/ni, lib: /usr/lib/libOpenNI.so;libusb::libusb)
[2.293s] -- OpenNI2 found (version: 2.2.0.33, include: /usr/include/openni2, lib: /usr/lib/x86_64-linux-gnu/libOpenNI2.so;libusb::libusb)
[2.400s] -- Eigen found (include: /usr/include/eigen3, version: 3.4.0)
[2.404s] -- OpenNI found (version: 1.5.4.0, include: /usr/include/ni, lib: /usr/lib/libOpenNI.so;libusb::libusb)
[2.408s] -- OpenNI2 found (version: 2.2.0.33, include: /usr/include/openni2, lib: /usr/lib/x86_64-linux-gnu/libOpenNI2.so;libusb::libusb)
[2.509s] -- Found Qhull version 8.0.2
[2.614s] -- OpenNI found (version: 1.5.4.0, include: /usr/include/ni, lib: /usr/lib/libOpenNI.so;libusb::libusb)
[2.738s] -- Found Boost: /usr/lib/x86_64-linux-gnu/cmake/Boost-1.74.0/BoostConfig.cmake (found version "1.74.0")  
[2.881s] -- Configuring done
[2.923s] [33mCMake Warning at CMakeLists.txt:22 (add_library):
[2.923s]   Cannot generate a safe runtime search path for target plu_virtual_wall
[2.923s]   because there is a cycle in the constraint graph:
[2.923s] 
[2.923s]     dir 0 is [/opt/ros/humble/lib]
[2.923s]       dir 1 must precede it due to runtime library [libnav2_msgs__rosidl_typesupport_fastrtps_c.so]
[2.923s]     dir 1 is [/home/khanh247/virtual_wall_ros2/software_simulation/turtlebot3_ws/install/nav2_msgs/lib]
[2.924s]       dir 0 must precede it due to runtime library [libnav2_msgs__rosidl_generator_c.so]
[2.924s] 
[2.924s]   Some of these libraries may not be found correctly.
[2.924s] 
[2.924s] [0m
[2.953s] [33mCMake Warning at CMakeLists.txt:24 (add_executable):
[2.953s]   Cannot generate a safe runtime search path for target virtual_wall_node
[2.953s]   because there is a cycle in the constraint graph:
[2.953s] 
[2.953s]     dir 0 is [/home/khanh247/virtual_wall_ros2/software_simulation/turtlebot3_ws/build/plu_virtual_wall]
[2.953s]     dir 1 is [/opt/ros/humble/lib]
[2.953s]       dir 2 must precede it due to runtime library [libnav2_msgs__rosidl_typesupport_fastrtps_c.so]
[2.953s]     dir 2 is [/home/khanh247/virtual_wall_ros2/software_simulation/turtlebot3_ws/install/nav2_msgs/lib]
[2.953s]       dir 1 must precede it due to runtime library [libnav2_msgs__rosidl_generator_c.so]
[2.953s] 
[2.953s]   Some of these libraries may not be found correctly.
[2.953s] 
[2.953s] [0m
[2.955s] -- Generating done
[2.958s] -- Build files have been written to: /home/khanh247/virtual_wall_ros2/software_simulation/turtlebot3_ws/build/plu_virtual_wall
[2.994s] [ 25%] [32mBuilding CXX object CMakeFiles/plu_virtual_wall.dir/src/virtual_wall_tes1.cpp.o[0m
[3.253s] In file included from [01m[K/home/khanh247/virtual_wall_ros2/software_simulation/turtlebot3_ws/src/plu_virtual_wall/src/virtual_wall_tes1.cpp:1[m[K:
[3.253s] [01m[K/home/khanh247/virtual_wall_ros2/software_simulation/turtlebot3_ws/src/plu_virtual_wall/include/plu_virtual_wall/virtual_wall_layer_test.hpp:14:10:[m[K [01;31m[Kfatal error: [m[Kboost/recursive_mutex.hpp: No such file or directory
[3.253s]    14 | #include [01;31m[K<boost/recursive_mutex.hpp>[m[K
[3.253s]       |          [01;31m[K^~~~~~~~~~~~~~~~~~~~~~~~~~~[m[K
[3.253s] compilation terminated.
[3.255s] gmake[2]: *** [CMakeFiles/plu_virtual_wall.dir/build.make:76: CMakeFiles/plu_virtual_wall.dir/src/virtual_wall_tes1.cpp.o] Error 1
[3.255s] gmake[1]: *** [CMakeFiles/Makefile2:139: CMakeFiles/plu_virtual_wall.dir/all] Error 2
[3.256s] gmake: *** [Makefile:146: all] Error 2
[3.257s] Invoked command in '/home/khanh247/virtual_wall_ros2/software_simulation/turtlebot3_ws/build/plu_virtual_wall' returned '2': AMENT_PREFIX_PATH=/home/khanh247/virtual_wall_ros2/software_simulation/turtlebot3_ws/install/nav2_costmap_2d:/home/khanh247/virtual_wall_ros2/software_simulation/turtlebot3_ws/install/nav2_map_server:/home/khanh247/virtual_wall_ros2/software_simulation/turtlebot3_ws/install/nav2_lifecycle_manager:/home/khanh247/virtual_wall_ros2/software_simulation/turtlebot3_ws/install/nav2_util:/home/khanh247/virtual_wall_ros2/software_simulation/turtlebot3_ws/install/nav2_voxel_grid:/home/khanh247/virtual_wall_ros2/software_simulation/turtlebot3_ws/install/nav2_msgs:/home/khanh247/virtual_wall_ros2/software_simulation/turtlebot3_ws/install/nav2_common:${AMENT_PREFIX_PATH} CMAKE_PREFIX_PATH=/home/khanh247/virtual_wall_ros2/software_simulation/turtlebot3_ws/install/nav2_costmap_2d:/home/khanh247/virtual_wall_ros2/software_simulation/turtlebot3_ws/install/nav2_map_server:/home/khanh247/virtual_wall_ros2/software_simulation/turtlebot3_ws/install/nav2_lifecycle_manager:/home/khanh247/virtual_wall_ros2/software_simulation/turtlebot3_ws/install/nav2_util:/home/khanh247/virtual_wall_ros2/software_simulation/turtlebot3_ws/install/nav2_voxel_grid:/home/khanh247/virtual_wall_ros2/software_simulation/turtlebot3_ws/install/nav2_msgs:/home/khanh247/virtual_wall_ros2/software_simulation/turtlebot3_ws/install/nav2_common:/opt/ros/humble LD_LIBRARY_PATH=/home/khanh247/virtual_wall_ros2/software_simulation/turtlebot3_ws/install/nav2_costmap_2d/lib:/home/khanh247/virtual_wall_ros2/software_simulation/turtlebot3_ws/install/nav2_map_server/lib:/home/khanh247/virtual_wall_ros2/software_simulation/turtlebot3_ws/install/nav2_lifecycle_manager/lib:/home/khanh247/virtual_wall_ros2/software_simulation/turtlebot3_ws/install/nav2_util/lib:/home/khanh247/virtual_wall_ros2/software_simulation/turtlebot3_ws/install/nav2_voxel_grid/lib:/home/khanh247/virtual_wall_ros2/software_simulation/turtlebot3_ws/install/nav2_msgs/lib:${LD_LIBRARY_PATH} PYTHONPATH=/home/khanh247/virtual_wall_ros2/software_simulation/turtlebot3_ws/install/nav2_msgs/local/lib/python3.10/dist-packages:/home/khanh247/virtual_wall_ros2/software_simulation/turtlebot3_ws/install/nav2_common/local/lib/python3.10/dist-packages:${PYTHONPATH} /usr/bin/cmake --build /home/khanh247/virtual_wall_ros2/software_simulation/turtlebot3_ws/build/plu_virtual_wall -- -j16 -l16
