In file included from [01m[K/home/khanh247/virtual_wall_ros2/software_simulation/turtlebot3_ws/src/plu_virtual_wall/src/virtual_wall_tes1.cpp:1[m[K:
[01m[K/home/khanh247/virtual_wall_ros2/software_simulation/turtlebot3_ws/src/plu_virtual_wall/include/plu_virtual_wall/virtual_wall_layer_test.hpp:5:10:[m[K [01;31m[Kfatal error: [m[Kcostmap_2d/costmap_layer.h: No such file or directory
    5 | #include [01;31m[K<costmap_2d/costmap_layer.h>[m[K
      |          [01;31m[K^~~~~~~~~~~~~~~~~~~~~~~~~~~~[m[K
compilation terminated.
gmake[2]: *** [CMakeFiles/plu_virtual_wall.dir/build.make:76: CMakeFiles/plu_virtual_wall.dir/src/virtual_wall_tes1.cpp.o] Error 1
gmake[1]: *** [CMakeFiles/Makefile2:139: CMakeFiles/plu_virtual_wall.dir/all] Error 2
gmake: *** [Makefile:146: all] Error 2
