[01m[K/home/khanh247/software_simulation/turtlebot3_ws/src/plu_virtual_wall/src/virtual_wall_layer.cpp:278:6:[m[K [01;31m[Kerror: [m[Kno declaration matches â€˜[01m[Kbool virtual_wall_ros2::VirtualWallLayer::isClearable() const[m[Kâ€™
  278 | bool [01;31m[KVirtualWallLayer[m[K::isClearable() const
      |      [01;31m[K^~~~~~~~~~~~~~~~[m[K
In file included from [01m[K/home/khanh247/software_simulation/turtlebot3_ws/src/plu_virtual_wall/src/virtual_wall_layer.cpp:1[m[K:
[01m[K/home/khanh247/software_simulation/turtlebot3_ws/src/plu_virtual_wall/include/plu_virtual_wall/virtual_wall_layer.hpp:26:18:[m[K [01;36m[Knote: [m[Kcandidate is: â€˜[01m[Kvirtual bool virtual_wall_ros2::VirtualWallLayer::isClearable()[m[Kâ€™
   26 |     virtual bool [01;36m[KisClearable[m[K() override;
      |                  [01;36m[K^~~~~~~~~~~[m[K
In file included from [01m[K/home/khanh247/software_simulation/turtlebot3_ws/src/plu_virtual_wall/src/virtual_wall_layer.cpp:1[m[K:
[01m[K/home/khanh247/software_simulation/turtlebot3_ws/src/plu_virtual_wall/include/plu_virtual_wall/virtual_wall_layer.hpp:18:7:[m[K [01;36m[Knote: [m[Kâ€˜[01m[Kclass virtual_wall_ros2::VirtualWallLayer[m[Kâ€™ defined here
   18 | class [01;36m[KVirtualWallLayer[m[K : public nav2_costmap_2d::Layer
      |       [01;36m[K^~~~~~~~~~~~~~~~[m[K
gmake[2]: *** [CMakeFiles/plu_virtual_wall.dir/build.make:76: CMakeFiles/plu_virtual_wall.dir/src/virtual_wall_layer.cpp.o] Error 1
gmake[1]: *** [CMakeFiles/Makefile2:139: CMakeFiles/plu_virtual_wall.dir/all] Error 2
gmake: *** [Makefile:146: all] Error 2
