[0.031s] Invoking command in '/home/khanh247/virtual_wall_ros2/software_simulation/turtlebot3_ws/build/plu_virtual_wall': AMENT_PREFIX_PATH=/home/khanh247/virtual_wall_ros2/software_simulation/turtlebot3_ws/install/nav2_costmap_2d:/home/khanh247/virtual_wall_ros2/software_simulation/turtlebot3_ws/install/nav2_map_server:/home/khanh247/virtual_wall_ros2/software_simulation/turtlebot3_ws/install/nav2_lifecycle_manager:/home/khanh247/virtual_wall_ros2/software_simulation/turtlebot3_ws/install/nav2_util:/home/khanh247/virtual_wall_ros2/software_simulation/turtlebot3_ws/install/nav2_voxel_grid:/home/khanh247/virtual_wall_ros2/software_simulation/turtlebot3_ws/install/nav2_msgs:/home/khanh247/virtual_wall_ros2/software_simulation/turtlebot3_ws/install/nav2_common:${AMENT_PREFIX_PATH} CMAKE_PREFIX_PATH=/home/khanh247/virtual_wall_ros2/software_simulation/turtlebot3_ws/install/nav2_costmap_2d:/home/khanh247/virtual_wall_ros2/software_simulation/turtlebot3_ws/install/nav2_map_server:/home/khanh247/virtual_wall_ros2/software_simulation/turtlebot3_ws/install/nav2_lifecycle_manager:/home/khanh247/virtual_wall_ros2/software_simulation/turtlebot3_ws/install/nav2_util:/home/khanh247/virtual_wall_ros2/software_simulation/turtlebot3_ws/install/nav2_voxel_grid:/home/khanh247/virtual_wall_ros2/software_simulation/turtlebot3_ws/install/nav2_msgs:/home/khanh247/virtual_wall_ros2/software_simulation/turtlebot3_ws/install/nav2_common:/opt/ros/humble LD_LIBRARY_PATH=/home/khanh247/virtual_wall_ros2/software_simulation/turtlebot3_ws/install/nav2_costmap_2d/lib:/home/khanh247/virtual_wall_ros2/software_simulation/turtlebot3_ws/install/nav2_map_server/lib:/home/khanh247/virtual_wall_ros2/software_simulation/turtlebot3_ws/install/nav2_lifecycle_manager/lib:/home/khanh247/virtual_wall_ros2/software_simulation/turtlebot3_ws/install/nav2_util/lib:/home/khanh247/virtual_wall_ros2/software_simulation/turtlebot3_ws/install/nav2_voxel_grid/lib:/home/khanh247/virtual_wall_ros2/software_simulation/turtlebot3_ws/install/nav2_msgs/lib:${LD_LIBRARY_PATH} PYTHONPATH=/home/khanh247/virtual_wall_ros2/software_simulation/turtlebot3_ws/install/nav2_msgs/local/lib/python3.10/dist-packages:/home/khanh247/virtual_wall_ros2/software_simulation/turtlebot3_ws/install/nav2_common/local/lib/python3.10/dist-packages:${PYTHONPATH} /usr/bin/cmake --build /home/khanh247/virtual_wall_ros2/software_simulation/turtlebot3_ws/build/plu_virtual_wall -- -j16 -l16
[0.129s] [35m[1mConsolidate compiler generated dependencies of target plu_virtual_wall[0m
[0.201s] [ 25%] [32mBuilding CXX object CMakeFiles/plu_virtual_wall.dir/src/virtual_wall_tes1.cpp.o[0m
[3.717s] In file included from [01m[K/home/khanh247/virtual_wall_ros2/software_simulation/turtlebot3_ws/src/plu_virtual_wall/src/virtual_wall_tes1.cpp:1[m[K:
[3.717s] [01m[K/home/khanh247/virtual_wall_ros2/software_simulation/turtlebot3_ws/src/plu_virtual_wall/include/plu_virtual_wall/virtual_wall_layer_test.hpp:18:33:[m[K [01;31m[Kerror: [m[Kâ€˜[01m[Kcostmap_2d[m[Kâ€™ has not been declared
[3.717s]    18 | class VirtualWallLayer : public [01;31m[Kcostmap_2d[m[K::CostmapLayer
[3.717s]       |                                 [01;31m[K^~~~~~~~~~[m[K
[3.717s] [01m[K/home/khanh247/virtual_wall_ros2/software_simulation/turtlebot3_ws/src/plu_virtual_wall/include/plu_virtual_wall/virtual_wall_layer_test.hpp:18:45:[m[K [01;31m[Kerror: [m[Kexpected â€˜[01m[K{[m[Kâ€™ before â€˜[01m[KCostmapLayer[m[Kâ€™
[3.717s]    18 | class VirtualWallLayer : public costmap_2d::[01;31m[KCostmapLayer[m[K
[3.717s]       |                                             [01;31m[K^~~~~~~~~~~~[m[K
[3.717s] [01m[K/home/khanh247/virtual_wall_ros2/software_simulation/turtlebot3_ws/src/plu_virtual_wall/include/plu_virtual_wall/virtual_wall_layer_test.hpp:20:1:[m[K [01;31m[Kerror: [m[Kexpected primary-expression before â€˜[01m[Kpublic[m[Kâ€™
[3.717s]    20 | [01;31m[Kpublic[m[K:
[3.717s]       | [01;31m[K^~~~~~[m[K
[3.717s] [01m[K/home/khanh247/virtual_wall_ros2/software_simulation/turtlebot3_ws/src/plu_virtual_wall/include/plu_virtual_wall/virtual_wall_layer_test.hpp:20:1:[m[K [01;31m[Kerror: [m[Kexpected â€˜[01m[K}[m[Kâ€™ before â€˜[01m[Kpublic[m[Kâ€™
[3.717s] [01m[K/home/khanh247/virtual_wall_ros2/software_simulation/turtlebot3_ws/src/plu_virtual_wall/include/plu_virtual_wall/virtual_wall_layer_test.hpp:19:1:[m[K [01;36m[Knote: [m[Kto match this â€˜[01m[K{[m[Kâ€™
[3.717s]    19 | [01;36m[K{[m[K
[3.717s]       | [01;36m[K^[m[K
[3.717s] [01m[K/home/khanh247/virtual_wall_ros2/software_simulation/turtlebot3_ws/src/plu_virtual_wall/include/plu_virtual_wall/virtual_wall_layer_test.hpp:22:11:[m[K [01;31m[Kerror: [m[Kdeclaration of â€˜[01m[K~ virtual_wall::VirtualWallLayer[m[Kâ€™ as non-member
[3.718s]    22 |   virtual [01;31m[K~VirtualWallLayer[m[K();
[3.718s]       |           [01;31m[K^~~~~~~~~~~~~~~~~[m[K
[3.718s] [01m[K/home/khanh247/virtual_wall_ros2/software_simulation/turtlebot3_ws/src/plu_virtual_wall/include/plu_virtual_wall/virtual_wall_layer_test.hpp:24:3:[m[K [01;31m[Kerror: [m[Kâ€˜[01m[Kvirtual[m[Kâ€™ outside class declaration
[3.718s]    24 |   [01;31m[Kvirtual[m[K void onInitialize() override;
[3.718s]       |   [01;31m[K^~~~~~~[m[K
[3.718s] [01m[K/home/khanh247/virtual_wall_ros2/software_simulation/turtlebot3_ws/src/plu_virtual_wall/include/plu_virtual_wall/virtual_wall_layer_test.hpp:24:31:[m[K [01;31m[Kerror: [m[Kvirt-specifiers in â€˜[01m[KonInitialize[m[Kâ€™ not allowed outside a class definition
[3.718s]    24 |   virtual void onInitialize() [01;31m[Koverride[m[K;
[3.718s]       |                               [01;31m[K^~~~~~~~[m[K
[3.718s] [01m[K/home/khanh247/virtual_wall_ros2/software_simulation/turtlebot3_ws/src/plu_virtual_wall/include/plu_virtual_wall/virtual_wall_layer_test.hpp:25:3:[m[K [01;31m[Kerror: [m[Kâ€˜[01m[Kvirtual[m[Kâ€™ outside class declaration
[3.718s]    25 |   [01;31m[Kvirtual[m[K void updateBounds(double, double, double, double*, double*, double*, double*) override;
[3.718s]       |   [01;31m[K^~~~~~~[m[K
[3.718s] [01m[K/home/khanh247/virtual_wall_ros2/software_simulation/turtlebot3_ws/src/plu_virtual_wall/include/plu_virtual_wall/virtual_wall_layer_test.hpp:25:89:[m[K [01;31m[Kerror: [m[Kvirt-specifiers in â€˜[01m[KupdateBounds[m[Kâ€™ not allowed outside a class definition
[3.718s]    25 | teBounds(double, double, double, double*, double*, double*, double*) [01;31m[Koverride[m[K;
[3.718s]       |                                                                      [01;31m[K^~~~~~~~[m[K
[3.718s] 
[3.718s] [01m[K/home/khanh247/virtual_wall_ros2/software_simulation/turtlebot3_ws/src/plu_virtual_wall/include/plu_virtual_wall/virtual_wall_layer_test.hpp:26:3:[m[K [01;31m[Kerror: [m[Kâ€˜[01m[Kvirtual[m[Kâ€™ outside class declaration
[3.718s]    26 |   [01;31m[Kvirtual[m[K void updateCosts(costmap_2d::Costmap2D&, int, int, int, int) override;
[3.718s]       |   [01;31m[K^~~~~~~[m[K
[3.718s] [01m[K/home/khanh247/virtual_wall_ros2/software_simulation/turtlebot3_ws/src/plu_virtual_wall/include/plu_virtual_wall/virtual_wall_layer_test.hpp:26:16:[m[K [01;31m[Kerror: [m[Kvariable or field â€˜[01m[KupdateCosts[m[Kâ€™ declared void
[3.718s]    26 |   virtual void [01;31m[KupdateCosts[m[K(costmap_2d::Costmap2D&, int, int, int, int) override;
[3.719s]       |                [01;31m[K^~~~~~~~~~~[m[K
[3.719s] [01m[K/home/khanh247/virtual_wall_ros2/software_simulation/turtlebot3_ws/src/plu_virtual_wall/include/plu_virtual_wall/virtual_wall_layer_test.hpp:26:28:[m[K [01;31m[Kerror: [m[Kâ€˜[01m[Kcostmap_2d[m[Kâ€™ has not been declared
[3.719s]    26 |   virtual void updateCosts([01;31m[Kcostmap_2d[m[K::Costmap2D&, int, int, int, int) override;
[3.719s]       |                            [01;31m[K^~~~~~~~~~[m[K
[3.719s] [01m[K/home/khanh247/virtual_wall_ros2/software_simulation/turtlebot3_ws/src/plu_virtual_wall/include/plu_virtual_wall/virtual_wall_layer_test.hpp:26:50:[m[K [01;31m[Kerror: [m[Kexpected primary-expression before â€˜[01m[K,[m[Kâ€™ token
[3.719s]    26 |   virtual void updateCosts(costmap_2d::Costmap2D&[01;31m[K,[m[K int, int, int, int) override;
[3.719s]       |                                                  [01;31m[K^[m[K
[3.719s] [01m[K/home/khanh247/virtual_wall_ros2/software_simulation/turtlebot3_ws/src/plu_virtual_wall/include/plu_virtual_wall/virtual_wall_layer_test.hpp:26:52:[m[K [01;31m[Kerror: [m[Kexpected primary-expression before â€˜[01m[Kint[m[Kâ€™
[3.719s]    26 |   virtual void updateCosts(costmap_2d::Costmap2D&, [01;31m[Kint[m[K, int, int, int) override;
[3.719s]       |                                                    [01;31m[K^~~[m[K
[3.719s] [01m[K/home/khanh247/virtual_wall_ros2/software_simulation/turtlebot3_ws/src/plu_virtual_wall/include/plu_virtual_wall/virtual_wall_layer_test.hpp:26:57:[m[K [01;31m[Kerror: [m[Kexpected primary-expression before â€˜[01m[Kint[m[Kâ€™
[3.719s]    26 |   virtual void updateCosts(costmap_2d::Costmap2D&, int, [01;31m[Kint[m[K, int, int) override;
[3.719s]       |                                                         [01;31m[K^~~[m[K
[3.719s] [01m[K/home/khanh247/virtual_wall_ros2/software_simulation/turtlebot3_ws/src/plu_virtual_wall/include/plu_virtual_wall/virtual_wall_layer_test.hpp:26:62:[m[K [01;31m[Kerror: [m[Kexpected primary-expression before â€˜[01m[Kint[m[Kâ€™
[3.719s]    26 |   virtual void updateCosts(costmap_2d::Costmap2D&, int, int, [01;31m[Kint[m[K, int) override;
[3.719s]       |                                                              [01;31m[K^~~[m[K
[3.719s] [01m[K/home/khanh247/virtual_wall_ros2/software_simulation/turtlebot3_ws/src/plu_virtual_wall/include/plu_virtual_wall/virtual_wall_layer_test.hpp:26:67:[m[K [01;31m[Kerror: [m[Kexpected primary-expression before â€˜[01m[Kint[m[Kâ€™
[3.719s]    26 |   virtual void updateCosts(costmap_2d::Costmap2D&, int, int, int, [01;31m[Kint[m[K) override;
[3.719s]       |                                                                   [01;31m[K^~~[m[K
[3.719s] [01m[K/home/khanh247/virtual_wall_ros2/software_simulation/turtlebot3_ws/src/plu_virtual_wall/include/plu_virtual_wall/virtual_wall_layer_test.hpp:28:1:[m[K [01;31m[Kerror: [m[Kexpected unqualified-id before â€˜[01m[Kprivate[m[Kâ€™
[3.719s]    28 | [01;31m[Kprivate[m[K:
[3.719s]       | [01;31m[K^~~~~~~[m[K
[3.719s] [01m[K/home/khanh247/virtual_wall_ros2/software_simulation/turtlebot3_ws/src/plu_virtual_wall/include/plu_virtual_wall/virtual_wall_layer_test.hpp:36:29:[m[K [01;31m[Kerror: [m[Kâ€˜[01m[KWall[m[Kâ€™ is not a member of â€˜[01m[Kvirtual_wall[m[Kâ€™
[3.720s]    36 |   std::vector<virtual_wall::[01;31m[KWall[m[K> wallPoint;
[3.720s]       |                             [01;31m[K^~~~[m[K
[3.720s] [01m[K/home/khanh247/virtual_wall_ros2/software_simulation/turtlebot3_ws/src/plu_virtual_wall/include/plu_virtual_wall/virtual_wall_layer_test.hpp:36:33:[m[K [01;31m[Kerror: [m[Ktemplate argument 1 is invalid
[3.720s]    36 |   std::vector<virtual_wall::Wall[01;31m[K>[m[K wallPoint;
[3.720s]       |                                 [01;31m[K^[m[K
[3.720s] [01m[K/home/khanh247/virtual_wall_ros2/software_simulation/turtlebot3_ws/src/plu_virtual_wall/include/plu_virtual_wall/virtual_wall_layer_test.hpp:36:33:[m[K [01;31m[Kerror: [m[Ktemplate argument 2 is invalid
[3.720s] [01m[K/home/khanh247/virtual_wall_ros2/software_simulation/turtlebot3_ws/src/plu_virtual_wall/include/plu_virtual_wall/virtual_wall_layer_test.hpp:37:29:[m[K [01;31m[Kerror: [m[Kâ€˜[01m[KWall[m[Kâ€™ is not a member of â€˜[01m[Kvirtual_wall[m[Kâ€™
[3.720s]    37 |   std::vector<virtual_wall::[01;31m[KWall[m[K> v_wall;
[3.720s]       |                             [01;31m[K^~~~[m[K
[3.720s] [01m[K/home/khanh247/virtual_wall_ros2/software_simulation/turtlebot3_ws/src/plu_virtual_wall/include/plu_virtual_wall/virtual_wall_layer_test.hpp:37:33:[m[K [01;31m[Kerror: [m[Ktemplate argument 1 is invalid
[3.720s]    37 |   std::vector<virtual_wall::Wall[01;31m[K>[m[K v_wall;
[3.720s]       |                                 [01;31m[K^[m[K
[3.720s] [01m[K/home/khanh247/virtual_wall_ros2/software_simulation/turtlebot3_ws/src/plu_virtual_wall/include/plu_virtual_wall/virtual_wall_layer_test.hpp:37:33:[m[K [01;31m[Kerror: [m[Ktemplate argument 2 is invalid
[3.790s] [01m[K/home/khanh247/virtual_wall_ros2/software_simulation/turtlebot3_ws/src/plu_virtual_wall/include/plu_virtual_wall/virtual_wall_layer_test.hpp:46:19:[m[K [01;31m[Kerror: [m[Kno matching function for call to â€˜[01m[Ktf2_ros::Buffer::Buffer()[m[Kâ€™
[3.790s]    46 |   tf2_ros::Buffer [01;31m[Ktf_buffer_[m[K;
[3.790s]       |                   [01;31m[K^~~~~~~~~~[m[K
[3.790s] In file included from [01m[K/opt/ros/humble/include/nav2_costmap_2d/nav2_costmap_2d/layer.hpp:44[m[K,
[3.790s]                  from [01m[K/opt/ros/humble/include/nav2_costmap_2d/nav2_costmap_2d/costmap_layer.hpp:42[m[K,
[3.790s]                  from [01m[K/home/khanh247/virtual_wall_ros2/software_simulation/turtlebot3_ws/src/plu_virtual_wall/include/plu_virtual_wall/virtual_wall_layer_test.hpp:5[m[K,
[3.790s]                  from [01m[K/home/khanh247/virtual_wall_ros2/software_simulation/turtlebot3_ws/src/plu_virtual_wall/src/virtual_wall_tes1.cpp:1[m[K:
[3.791s] [01m[K/opt/ros/humble/include/tf2_ros/tf2_ros/buffer.h:73:18:[m[K [01;36m[Knote: [m[Kcandidate: â€˜[01m[Ktf2_ros::Buffer::Buffer(rclcpp::Clock::SharedPtr, tf2::Duration, rclcpp::Node::SharedPtr)[m[Kâ€™
[3.791s]    73 |   TF2_ROS_PUBLIC [01;36m[KBuffer[m[K(
[3.791s]       |                  [01;36m[K^~~~~~[m[K
[3.791s] [01m[K/opt/ros/humble/include/tf2_ros/tf2_ros/buffer.h:73:18:[m[K [01;36m[Knote: [m[K  candidate expects 3 arguments, 0 provided
[3.791s] In file included from [01m[K/home/khanh247/virtual_wall_ros2/software_simulation/turtlebot3_ws/src/plu_virtual_wall/src/virtual_wall_tes1.cpp:1[m[K:
[3.791s] [01m[K/home/khanh247/virtual_wall_ros2/software_simulation/turtlebot3_ws/src/plu_virtual_wall/include/plu_virtual_wall/virtual_wall_layer_test.hpp:47:30:[m[K [01;31m[Kerror: [m[Kno matching function for call to â€˜[01m[Ktf2_ros::TransformListener::TransformListener()[m[Kâ€™
[3.791s]    47 |   tf2_ros::TransformListener [01;31m[Ktf_listener_[m[K;
[3.791s]       |                              [01;31m[K^~~~~~~~~~~~[m[K
[3.791s] In file included from [01m[K/opt/ros/humble/include/nav2_costmap_2d/nav2_costmap_2d/costmap_2d_ros.hpp:58[m[K,
[3.791s]                  from [01m[K/home/khanh247/virtual_wall_ros2/software_simulation/turtlebot3_ws/src/plu_virtual_wall/include/plu_virtual_wall/virtual_wall_layer_test.hpp:7[m[K,
[3.791s]                  from [01m[K/home/khanh247/virtual_wall_ros2/software_simulation/turtlebot3_ws/src/plu_virtual_wall/src/virtual_wall_tes1.cpp:1[m[K:
[3.791s] [01m[K/opt/ros/humble/include/tf2_ros/tf2_ros/transform_listener.h:90:3:[m[K [01;36m[Knote: [m[Kcandidate: â€˜[01m[Ktemplate<class NodeT, class AllocatorT> tf2_ros::TransformListener::TransformListener(tf2::BufferCore&, NodeT&&, bool, const rclcpp::QoS&, const rclcpp::QoS&, const rclcpp::SubscriptionOptionsWithAllocator<AllocatorT>&, const rclcpp::SubscriptionOptionsWithAllocator<AllocatorT>&)[m[Kâ€™
[3.791s]    90 |   [01;36m[KTransformListener[m[K(
[3.791s]       |   [01;36m[K^~~~~~~~~~~~~~~~~[m[K
[3.791s] [01m[K/opt/ros/humble/include/tf2_ros/tf2_ros/transform_listener.h:90:3:[m[K [01;36m[Knote: [m[K  template argument deduction/substitution failed:
[3.791s] In file included from [01m[K/home/khanh247/virtual_wall_ros2/software_simulation/turtlebot3_ws/src/plu_virtual_wall/src/virtual_wall_tes1.cpp:1[m[K:
[3.791s] [01m[K/home/khanh247/virtual_wall_ros2/software_simulation/turtlebot3_ws/src/plu_virtual_wall/include/plu_virtual_wall/virtual_wall_layer_test.hpp:47:30:[m[K [01;36m[Knote: [m[K  candidate expects 7 arguments, 0 provided
[3.791s]    47 |   tf2_ros::TransformListener [01;36m[Ktf_listener_[m[K;
[3.791s]       |                              [01;36m[K^~~~~~~~~~~~[m[K
[3.791s] In file included from [01m[K/opt/ros/humble/include/nav2_costmap_2d/nav2_costmap_2d/costmap_2d_ros.hpp:58[m[K,
[3.791s]                  from [01m[K/home/khanh247/virtual_wall_ros2/software_simulation/turtlebot3_ws/src/plu_virtual_wall/include/plu_virtual_wall/virtual_wall_layer_test.hpp:7[m[K,
[3.791s]                  from [01m[K/home/khanh247/virtual_wall_ros2/software_simulation/turtlebot3_ws/src/plu_virtual_wall/src/virtual_wall_tes1.cpp:1[m[K:
[3.791s] [01m[K/opt/ros/humble/include/tf2_ros/tf2_ros/transform_listener.h:87:12:[m[K [01;36m[Knote: [m[Kcandidate: â€˜[01m[Ktf2_ros::TransformListener::TransformListener(tf2::BufferCore&, bool)[m[Kâ€™
[3.792s]    87 |   explicit [01;36m[KTransformListener[m[K(tf2::BufferCore & buffer, bool spin_thread = true);
[3.792s]       |            [01;36m[K^~~~~~~~~~~~~~~~~[m[K
[3.792s] [01m[K/opt/ros/humble/include/tf2_ros/tf2_ros/transform_listener.h:87:12:[m[K [01;36m[Knote: [m[K  candidate expects 2 arguments, 0 provided
[3.792s] In file included from [01m[K/home/khanh247/virtual_wall_ros2/software_simulation/turtlebot3_ws/src/plu_virtual_wall/src/virtual_wall_tes1.cpp:1[m[K:
[3.792s] [01m[K/home/khanh247/virtual_wall_ros2/software_simulation/turtlebot3_ws/src/plu_virtual_wall/include/plu_virtual_wall/virtual_wall_layer_test.hpp:50:1:[m[K [01;31m[Kerror: [m[Kexpected declaration before â€˜[01m[K}[m[Kâ€™ token
[3.792s]    50 | [01;31m[K}[m[K  // namespace virtual_wall
[3.792s]       | [01;31m[K^[m[K
[3.794s] In file included from [01m[K/opt/ros/humble/include/class_loader/class_loader/class_loader.hpp:56[m[K,
[3.794s]                  from [01m[K/opt/ros/humble/include/class_loader/class_loader/multi_library_class_loader.hpp:52[m[K,
[3.794s]                  from [01m[K/opt/ros/humble/include/pluginlib/pluginlib/class_loader.hpp:38[m[K,
[3.794s]                  from [01m[K/opt/ros/humble/include/nav2_costmap_2d/nav2_costmap_2d/costmap_2d_ros.hpp:54[m[K,
[3.794s]                  from [01m[K/home/khanh247/virtual_wall_ros2/software_simulation/turtlebot3_ws/src/plu_virtual_wall/include/plu_virtual_wall/virtual_wall_layer_test.hpp:7[m[K,
[3.794s]                  from [01m[K/home/khanh247/virtual_wall_ros2/software_simulation/turtlebot3_ws/src/plu_virtual_wall/src/virtual_wall_tes1.cpp:1[m[K:
[3.794s] [01m[K/home/khanh247/virtual_wall_ros2/software_simulation/turtlebot3_ws/src/plu_virtual_wall/src/virtual_wall_tes1.cpp:3:56:[m[K [01;31m[Kerror: [m[Kâ€˜[01m[Kcostmap_2d[m[Kâ€™ does not name a type
[3.794s]     3 | PLUGINLIB_EXPORT_CLASS(virtual_wall::VirtualWallLayer, [01;31m[Kcostmap_2d[m[K::Layer)
[3.794s]       |                                                        [01;31m[K^~~~~~~~~~[m[K
[3.799s] [01m[K/home/khanh247/virtual_wall_ros2/software_simulation/turtlebot3_ws/src/plu_virtual_wall/src/virtual_wall_tes1.cpp:[m[K In constructor â€˜[01m[K{anonymous}::ProxyExec0::ProxyExec0()[m[Kâ€™:
[3.799s] [01m[K/home/khanh247/virtual_wall_ros2/software_simulation/turtlebot3_ws/src/plu_virtual_wall/src/virtual_wall_tes1.cpp:3:1:[m[K [01;31m[Kerror: [m[Kâ€˜[01m[K_base[m[Kâ€™ was not declared in this scope
[3.799s]     3 | [01;31m[KPLUGINLIB_EXPORT_CLASS[m[K(virtual_wall::VirtualWallLayer, costmap_2d::Layer)
[3.800s]       | [01;31m[K^~~~~~~~~~~~~~~~~~~~~~[m[K
[3.800s] [01m[K/home/khanh247/virtual_wall_ros2/software_simulation/turtlebot3_ws/src/plu_virtual_wall/src/virtual_wall_tes1.cpp:3:1:[m[K [01;31m[Kerror: [m[Kno matching function for call to â€˜[01m[KregisterPlugin<{anonymous}::ProxyExec0::_derived, <expression error> >(const char [31], const char [18])[m[Kâ€™
[3.800s]     3 | [01;31m[KPLUGINLIB_EXPORT_CLASS[m[K(virtual_wall::VirtualWallLayer, costmap_2d::Layer)
[3.800s]       | [01;31m[K^~~~~~~~~~~~~~~~~~~~~~[m[K
[3.800s] In file included from [01m[K/opt/ros/humble/include/class_loader/class_loader/class_loader.hpp:55[m[K,
[3.800s]                  from [01m[K/opt/ros/humble/include/class_loader/class_loader/multi_library_class_loader.hpp:52[m[K,
[3.800s]                  from [01m[K/opt/ros/humble/include/pluginlib/pluginlib/class_loader.hpp:38[m[K,
[3.800s]                  from [01m[K/opt/ros/humble/include/nav2_costmap_2d/nav2_costmap_2d/costmap_2d_ros.hpp:54[m[K,
[3.800s]                  from [01m[K/home/khanh247/virtual_wall_ros2/software_simulation/turtlebot3_ws/src/plu_virtual_wall/include/plu_virtual_wall/virtual_wall_layer_test.hpp:7[m[K,
[3.800s]                  from [01m[K/home/khanh247/virtual_wall_ros2/software_simulation/turtlebot3_ws/src/plu_virtual_wall/src/virtual_wall_tes1.cpp:1[m[K:
[3.800s] [01m[K/opt/ros/humble/include/class_loader/class_loader/class_loader_core.hpp:210:6:[m[K [01;36m[Knote: [m[Kcandidate: â€˜[01m[Ktemplate<class Derived, class Base> void class_loader::impl::registerPlugin(const string&, const string&)[m[Kâ€™
[3.800s]   210 | void [01;36m[KregisterPlugin[m[K(const std::string & class_name, const std::string & base_class_name)
[3.800s]       |      [01;36m[K^~~~~~~~~~~~~~[m[K
[3.800s] [01m[K/opt/ros/humble/include/class_loader/class_loader/class_loader_core.hpp:210:6:[m[K [01;36m[Knote: [m[K  template argument deduction/substitution failed:
[3.800s] In file included from [01m[K/opt/ros/humble/include/class_loader/class_loader/class_loader.hpp:56[m[K,
[3.800s]                  from [01m[K/opt/ros/humble/include/class_loader/class_loader/multi_library_class_loader.hpp:52[m[K,
[3.800s]                  from [01m[K/opt/ros/humble/include/pluginlib/pluginlib/class_loader.hpp:38[m[K,
[3.800s]                  from [01m[K/opt/ros/humble/include/nav2_costmap_2d/nav2_costmap_2d/costmap_2d_ros.hpp:54[m[K,
[3.800s]                  from [01m[K/home/khanh247/virtual_wall_ros2/software_simulation/turtlebot3_ws/src/plu_virtual_wall/include/plu_virtual_wall/virtual_wall_layer_test.hpp:7[m[K,
[3.800s]                  from [01m[K/home/khanh247/virtual_wall_ros2/software_simulation/turtlebot3_ws/src/plu_virtual_wall/src/virtual_wall_tes1.cpp:1[m[K:
[3.800s] [01m[K/home/khanh247/virtual_wall_ros2/software_simulation/turtlebot3_ws/src/plu_virtual_wall/src/virtual_wall_tes1.cpp:3:1:[m[K [01;31m[Kerror: [m[Ktemplate argument 2 is invalid
[3.801s]     3 | [01;31m[KPLUGINLIB_EXPORT_CLASS[m[K(virtual_wall::VirtualWallLayer, costmap_2d::Layer)
[3.801s]       | [01;31m[K^~~~~~~~~~~~~~~~~~~~~~[m[K
[3.801s] [01m[K/home/khanh247/virtual_wall_ros2/software_simulation/turtlebot3_ws/src/plu_virtual_wall/src/virtual_wall_tes1.cpp:[m[K At global scope:
[3.801s] [01m[K/home/khanh247/virtual_wall_ros2/software_simulation/turtlebot3_ws/src/plu_virtual_wall/src/virtual_wall_tes1.cpp:7:36:[m[K [01;31m[Kerror: [m[Kinvalid use of incomplete type â€˜[01m[Kclass virtual_wall::VirtualWallLayer[m[Kâ€™
[3.801s]     7 | VirtualWallLayer::VirtualWallLayer([01;31m[K)[m[K
[3.801s]       |                                    [01;31m[K^[m[K
[3.801s] In file included from [01m[K/home/khanh247/virtual_wall_ros2/software_simulation/turtlebot3_ws/src/plu_virtual_wall/src/virtual_wall_tes1.cpp:1[m[K:
[3.801s] [01m[K/home/khanh247/virtual_wall_ros2/software_simulation/turtlebot3_ws/src/plu_virtual_wall/include/plu_virtual_wall/virtual_wall_layer_test.hpp:18:7:[m[K [01;36m[Knote: [m[Kforward declaration of â€˜[01m[Kclass virtual_wall::VirtualWallLayer[m[Kâ€™
[3.801s]    18 | class [01;36m[KVirtualWallLayer[m[K : public costmap_2d::CostmapLayer
[3.801s]       |       [01;36m[K^~~~~~~~~~~~~~~~[m[K
[3.801s] [01m[K/home/khanh247/virtual_wall_ros2/software_simulation/turtlebot3_ws/src/plu_virtual_wall/src/virtual_wall_tes1.cpp:16:37:[m[K [01;31m[Kerror: [m[Kinvalid use of incomplete type â€˜[01m[Kclass virtual_wall::VirtualWallLayer[m[Kâ€™
[3.801s]    16 | VirtualWallLayer::~VirtualWallLayer([01;31m[K)[m[K
[3.801s]       |                                     [01;31m[K^[m[K
[3.801s] In file included from [01m[K/home/khanh247/virtual_wall_ros2/software_simulation/turtlebot3_ws/src/plu_virtual_wall/src/virtual_wall_tes1.cpp:1[m[K:
[3.801s] [01m[K/home/khanh247/virtual_wall_ros2/software_simulation/turtlebot3_ws/src/plu_virtual_wall/include/plu_virtual_wall/virtual_wall_layer_test.hpp:18:7:[m[K [01;36m[Knote: [m[Kforward declaration of â€˜[01m[Kclass virtual_wall::VirtualWallLayer[m[Kâ€™
[3.801s]    18 | class [01;36m[KVirtualWallLayer[m[K : public costmap_2d::CostmapLayer
[3.801s]       |       [01;36m[K^~~~~~~~~~~~~~~~[m[K
[3.801s] [01m[K/home/khanh247/virtual_wall_ros2/software_simulation/turtlebot3_ws/src/plu_virtual_wall/src/virtual_wall_tes1.cpp:20:37:[m[K [01;31m[Kerror: [m[Kinvalid use of incomplete type â€˜[01m[Kclass virtual_wall::VirtualWallLayer[m[Kâ€™
[3.801s]    20 | void VirtualWallLayer::onInitialize([01;31m[K)[m[K
[3.801s]       |                                     [01;31m[K^[m[K
[3.802s] In file included from [01m[K/home/khanh247/virtual_wall_ros2/software_simulation/turtlebot3_ws/src/plu_virtual_wall/src/virtual_wall_tes1.cpp:1[m[K:
[3.802s] [01m[K/home/khanh247/virtual_wall_ros2/software_simulation/turtlebot3_ws/src/plu_virtual_wall/include/plu_virtual_wall/virtual_wall_layer_test.hpp:18:7:[m[K [01;36m[Knote: [m[Kforward declaration of â€˜[01m[Kclass virtual_wall::VirtualWallLayer[m[Kâ€™
[3.802s]    18 | class [01;36m[KVirtualWallLayer[m[K : public costmap_2d::CostmapLayer
[3.802s]       |       [01;36m[K^~~~~~~~~~~~~~~~[m[K
[3.802s] [01m[K/home/khanh247/virtual_wall_ros2/software_simulation/turtlebot3_ws/src/plu_virtual_wall/src/virtual_wall_tes1.cpp:39:34:[m[K [01;31m[Kerror: [m[Kinvalid use of incomplete type â€˜[01m[Kclass virtual_wall::VirtualWallLayer[m[Kâ€™
[3.802s]    39 | void VirtualWallLayer::matchSize([01;31m[K)[m[K
[3.802s]       |                                  [01;31m[K^[m[K
[3.802s] In file included from [01m[K/home/khanh247/virtual_wall_ros2/software_simulation/turtlebot3_ws/src/plu_virtual_wall/src/virtual_wall_tes1.cpp:1[m[K:
[3.802s] [01m[K/home/khanh247/virtual_wall_ros2/software_simulation/turtlebot3_ws/src/plu_virtual_wall/include/plu_virtual_wall/virtual_wall_layer_test.hpp:18:7:[m[K [01;36m[Knote: [m[Kforward declaration of â€˜[01m[Kclass virtual_wall::VirtualWallLayer[m[Kâ€™
[3.802s]    18 | class [01;36m[KVirtualWallLayer[m[K : public costmap_2d::CostmapLayer
[3.802s]       |       [01;36m[K^~~~~~~~~~~~~~~~[m[K
[3.802s] [01m[K/home/khanh247/virtual_wall_ros2/software_simulation/turtlebot3_ws/src/plu_virtual_wall/src/virtual_wall_tes1.cpp:49:145:[m[K [01;31m[Kerror: [m[Kinvalid use of incomplete type â€˜[01m[Kclass virtual_wall::VirtualWallLayer[m[Kâ€™
[3.802s]    49 |  double robot_yaw, double* min_x, double* min_y, double* max_x, double* max_y[01;31m[K)[m[K
[3.802s]       |                                                                              [01;31m[K^[m[K
[3.802s] 
[3.802s] In file included from [01m[K/home/khanh247/virtual_wall_ros2/software_simulation/turtlebot3_ws/src/plu_virtual_wall/src/virtual_wall_tes1.cpp:1[m[K:
[3.802s] [01m[K/home/khanh247/virtual_wall_ros2/software_simulation/turtlebot3_ws/src/plu_virtual_wall/include/plu_virtual_wall/virtual_wall_layer_test.hpp:18:7:[m[K [01;36m[Knote: [m[Kforward declaration of â€˜[01m[Kclass virtual_wall::VirtualWallLayer[m[Kâ€™
[3.802s]    18 | class [01;36m[KVirtualWallLayer[m[K : public costmap_2d::CostmapLayer
[3.802s]       |       [01;36m[K^~~~~~~~~~~~~~~~[m[K
[3.802s] [01m[K/home/khanh247/virtual_wall_ros2/software_simulation/turtlebot3_ws/src/plu_virtual_wall/src/virtual_wall_tes1.cpp:57:36:[m[K [01;31m[Kerror: [m[Kinvalid use of incomplete type â€˜[01m[Kclass virtual_wall::VirtualWallLayer[m[Kâ€™
[3.802s]    57 | void VirtualWallLayer::updateCosts([01;31m[Kcostmap_2d[m[K::Costmap2D& master_grid, int min_i, int min_j, int max_i, int max_j)
[3.802s]       |                                    [01;31m[K^~~~~~~~~~[m[K
[3.803s] In file included from [01m[K/home/khanh247/virtual_wall_ros2/software_simulation/turtlebot3_ws/src/plu_virtual_wall/src/virtual_wall_tes1.cpp:1[m[K:
[3.803s] [01m[K/home/khanh247/virtual_wall_ros2/software_simulation/turtlebot3_ws/src/plu_virtual_wall/include/plu_virtual_wall/virtual_wall_layer_test.hpp:18:7:[m[K [01;36m[Knote: [m[Kforward declaration of â€˜[01m[Kclass virtual_wall::VirtualWallLayer[m[Kâ€™
[3.803s]    18 | class [01;36m[KVirtualWallLayer[m[K : public costmap_2d::CostmapLayer
[3.803s]       |       [01;36m[K^~~~~~~~~~~~~~~~[m[K
[3.803s] [01m[K/home/khanh247/virtual_wall_ros2/software_simulation/turtlebot3_ws/src/plu_virtual_wall/src/virtual_wall_tes1.cpp:57:36:[m[K [01;31m[Kerror: [m[Kâ€˜[01m[Kcostmap_2d[m[Kâ€™ has not been declared
[3.803s]    57 | void VirtualWallLayer::updateCosts([01;31m[Kcostmap_2d[m[K::Costmap2D& master_grid, int min_i, int min_j, int max_i, int max_j)
[3.803s]       |                                    [01;31m[K^~~~~~~~~~[m[K
[3.804s] [01m[K/home/khanh247/virtual_wall_ros2/software_simulation/turtlebot3_ws/src/plu_virtual_wall/src/virtual_wall_tes1.cpp:57:59:[m[K [01;31m[Kerror: [m[Kâ€˜[01m[Kmaster_grid[m[Kâ€™ was not declared in this scope
[3.804s]    57 | void VirtualWallLayer::updateCosts(costmap_2d::Costmap2D& [01;31m[Kmaster_grid[m[K, int min_i, int min_j, int max_i, int max_j)
[3.804s]       |                                                           [01;31m[K^~~~~~~~~~~[m[K
[3.804s] [01m[K/home/khanh247/virtual_wall_ros2/software_simulation/turtlebot3_ws/src/plu_virtual_wall/src/virtual_wall_tes1.cpp:57:72:[m[K [01;31m[Kerror: [m[Kexpected primary-expression before â€˜[01m[Kint[m[Kâ€™
[3.804s]    57 |  VirtualWallLayer::updateCosts(costmap_2d::Costmap2D& master_grid, [01;31m[Kint[m[K min_i, int min_j, int max_i, int max_j)
[3.804s]       |                                                                    [01;31m[K^~~[m[K
[3.804s] 
[3.804s] [01m[K/home/khanh247/virtual_wall_ros2/software_simulation/turtlebot3_ws/src/plu_virtual_wall/src/virtual_wall_tes1.cpp:57:83:[m[K [01;31m[Kerror: [m[Kexpected primary-expression before â€˜[01m[Kint[m[Kâ€™
[3.804s]    57 | lLayer::updateCosts(costmap_2d::Costmap2D& master_grid, int min_i, [01;31m[Kint[m[K min_j, int max_i, int max_j)
[3.804s]       |                                                                    [01;31m[K^~~[m[K
[3.804s] 
[3.804s] [01m[K/home/khanh247/virtual_wall_ros2/software_simulation/turtlebot3_ws/src/plu_virtual_wall/src/virtual_wall_tes1.cpp:57:94:[m[K [01;31m[Kerror: [m[Kexpected primary-expression before â€˜[01m[Kint[m[Kâ€™
[3.804s]    57 | ateCosts(costmap_2d::Costmap2D& master_grid, int min_i, int min_j, [01;31m[Kint[m[K max_i, int max_j)
[3.804s]       |                                                                    [01;31m[K^~~[m[K
[3.804s] 
[3.804s] [01m[K/home/khanh247/virtual_wall_ros2/software_simulation/turtlebot3_ws/src/plu_virtual_wall/src/virtual_wall_tes1.cpp:57:105:[m[K [01;31m[Kerror: [m[Kexpected primary-expression before â€˜[01m[Kint[m[Kâ€™
[3.805s]    57 | ostmap_2d::Costmap2D& master_grid, int min_i, int min_j, int max_i, [01;31m[Kint[m[K max_j)
[3.805s]       |                                                                     [01;31m[K^~~[m[K
[3.805s] 
[3.805s] [01m[K/home/khanh247/virtual_wall_ros2/software_simulation/turtlebot3_ws/src/plu_virtual_wall/src/virtual_wall_tes1.cpp:138:42:[m[K [01;31m[Kerror: [m[Kinvalid use of incomplete type â€˜[01m[Kclass virtual_wall::VirtualWallLayer[m[Kâ€™
[3.805s]   138 | bool VirtualWallLayer::WallInterpolation([01;31m[K)[m[K
[3.805s]       |                                          [01;31m[K^[m[K
[3.805s] In file included from [01m[K/home/khanh247/virtual_wall_ros2/software_simulation/turtlebot3_ws/src/plu_virtual_wall/src/virtual_wall_tes1.cpp:1[m[K:
[3.805s] [01m[K/home/khanh247/virtual_wall_ros2/software_simulation/turtlebot3_ws/src/plu_virtual_wall/include/plu_virtual_wall/virtual_wall_layer_test.hpp:18:7:[m[K [01;36m[Knote: [m[Kforward declaration of â€˜[01m[Kclass virtual_wall::VirtualWallLayer[m[Kâ€™
[3.805s]    18 | class [01;36m[KVirtualWallLayer[m[K : public costmap_2d::CostmapLayer
[3.805s]       |       [01;36m[K^~~~~~~~~~~~~~~~[m[K
[3.805s] [01m[K/home/khanh247/virtual_wall_ros2/software_simulation/turtlebot3_ws/src/plu_virtual_wall/src/virtual_wall_tes1.cpp:173:93:[m[K [01;31m[Kerror: [m[Kinvalid use of incomplete type â€˜[01m[Kclass virtual_wall::VirtualWallLayer[m[Kâ€™
[3.805s]   173 | lLayer::AddWallCallback(const geometry_msgs::msg::PointStamped::SharedPtr msg[01;31m[K)[m[K
[3.805s]       |                                                                              [01;31m[K^[m[K
[3.805s] 
[3.805s] In file included from [01m[K/home/khanh247/virtual_wall_ros2/software_simulation/turtlebot3_ws/src/plu_virtual_wall/src/virtual_wall_tes1.cpp:1[m[K:
[3.805s] [01m[K/home/khanh247/virtual_wall_ros2/software_simulation/turtlebot3_ws/src/plu_virtual_wall/include/plu_virtual_wall/virtual_wall_layer_test.hpp:18:7:[m[K [01;36m[Knote: [m[Kforward declaration of â€˜[01m[Kclass virtual_wall::VirtualWallLayer[m[Kâ€™
[3.805s]    18 | class [01;36m[KVirtualWallLayer[m[K : public costmap_2d::CostmapLayer
[3.805s]       |       [01;36m[K^~~~~~~~~~~~~~~~[m[K
[3.805s] [01m[K/home/khanh247/virtual_wall_ros2/software_simulation/turtlebot3_ws/src/plu_virtual_wall/src/virtual_wall_tes1.cpp:208:84:[m[K [01;31m[Kerror: [m[Kinvalid use of incomplete type â€˜[01m[Kclass virtual_wall::VirtualWallLayer[m[Kâ€™
[3.805s]   208 | irtualWallLayer::DeleteWallCallback(const std_msgs::msg::Int32::SharedPtr msg[01;31m[K)[m[K
[3.805s]       |                                                                              [01;31m[K^[m[K
[3.806s] 
[3.806s] In file included from [01m[K/home/khanh247/virtual_wall_ros2/software_simulation/turtlebot3_ws/src/plu_virtual_wall/src/virtual_wall_tes1.cpp:1[m[K:
[3.806s] [01m[K/home/khanh247/virtual_wall_ros2/software_simulation/turtlebot3_ws/src/plu_virtual_wall/include/plu_virtual_wall/virtual_wall_layer_test.hpp:18:7:[m[K [01;36m[Knote: [m[Kforward declaration of â€˜[01m[Kclass virtual_wall::VirtualWallLayer[m[Kâ€™
[3.806s]    18 | class [01;36m[KVirtualWallLayer[m[K : public costmap_2d::CostmapLayer
[3.806s]       |       [01;36m[K^~~~~~~~~~~~~~~~[m[K
[4.596s] gmake[2]: *** [CMakeFiles/plu_virtual_wall.dir/build.make:76: CMakeFiles/plu_virtual_wall.dir/src/virtual_wall_tes1.cpp.o] Error 1
[4.597s] gmake[1]: *** [CMakeFiles/Makefile2:139: CMakeFiles/plu_virtual_wall.dir/all] Error 2
[4.597s] gmake: *** [Makefile:146: all] Error 2
[4.599s] Invoked command in '/home/khanh247/virtual_wall_ros2/software_simulation/turtlebot3_ws/build/plu_virtual_wall' returned '2': AMENT_PREFIX_PATH=/home/khanh247/virtual_wall_ros2/software_simulation/turtlebot3_ws/install/nav2_costmap_2d:/home/khanh247/virtual_wall_ros2/software_simulation/turtlebot3_ws/install/nav2_map_server:/home/khanh247/virtual_wall_ros2/software_simulation/turtlebot3_ws/install/nav2_lifecycle_manager:/home/khanh247/virtual_wall_ros2/software_simulation/turtlebot3_ws/install/nav2_util:/home/khanh247/virtual_wall_ros2/software_simulation/turtlebot3_ws/install/nav2_voxel_grid:/home/khanh247/virtual_wall_ros2/software_simulation/turtlebot3_ws/install/nav2_msgs:/home/khanh247/virtual_wall_ros2/software_simulation/turtlebot3_ws/install/nav2_common:${AMENT_PREFIX_PATH} CMAKE_PREFIX_PATH=/home/khanh247/virtual_wall_ros2/software_simulation/turtlebot3_ws/install/nav2_costmap_2d:/home/khanh247/virtual_wall_ros2/software_simulation/turtlebot3_ws/install/nav2_map_server:/home/khanh247/virtual_wall_ros2/software_simulation/turtlebot3_ws/install/nav2_lifecycle_manager:/home/khanh247/virtual_wall_ros2/software_simulation/turtlebot3_ws/install/nav2_util:/home/khanh247/virtual_wall_ros2/software_simulation/turtlebot3_ws/install/nav2_voxel_grid:/home/khanh247/virtual_wall_ros2/software_simulation/turtlebot3_ws/install/nav2_msgs:/home/khanh247/virtual_wall_ros2/software_simulation/turtlebot3_ws/install/nav2_common:/opt/ros/humble LD_LIBRARY_PATH=/home/khanh247/virtual_wall_ros2/software_simulation/turtlebot3_ws/install/nav2_costmap_2d/lib:/home/khanh247/virtual_wall_ros2/software_simulation/turtlebot3_ws/install/nav2_map_server/lib:/home/khanh247/virtual_wall_ros2/software_simulation/turtlebot3_ws/install/nav2_lifecycle_manager/lib:/home/khanh247/virtual_wall_ros2/software_simulation/turtlebot3_ws/install/nav2_util/lib:/home/khanh247/virtual_wall_ros2/software_simulation/turtlebot3_ws/install/nav2_voxel_grid/lib:/home/khanh247/virtual_wall_ros2/software_simulation/turtlebot3_ws/install/nav2_msgs/lib:${LD_LIBRARY_PATH} PYTHONPATH=/home/khanh247/virtual_wall_ros2/software_simulation/turtlebot3_ws/install/nav2_msgs/local/lib/python3.10/dist-packages:/home/khanh247/virtual_wall_ros2/software_simulation/turtlebot3_ws/install/nav2_common/local/lib/python3.10/dist-packages:${PYTHONPATH} /usr/bin/cmake --build /home/khanh247/virtual_wall_ros2/software_simulation/turtlebot3_ws/build/plu_virtual_wall -- -j16 -l16
