[35m[1mConsolidate compiler generated dependencies of target plu_virtual_wall[0m
[ 25%] [32mBuilding CXX object CMakeFiles/plu_virtual_wall.dir/src/virtual_wall_layer.cpp.o[0m
In file included from [01m[K/home/khanh247/software_simulation/turtlebot3_ws/src/plu_virtual_wall/src/virtual_wall_layer.cpp:1[m[K:
[01m[K/home/khanh247/software_simulation/turtlebot3_ws/src/plu_virtual_wall/include/plu_virtual_wall/virtual_wall_layer.hpp:16:3:[m[K [01;31m[Kerror: [m[Kexpected class-name before ‚Äò[01m[K{[m[K‚Äô token
   16 |   [01;31m[K{[m[K
      |   [01;31m[K^[m[K
[01m[K/home/khanh247/software_simulation/turtlebot3_ws/src/plu_virtual_wall/include/plu_virtual_wall/virtual_wall_layer.hpp:20:18:[m[K [01;31m[Kerror: [m[K‚Äò[01m[Kvirtual void virtual_wall_ros2::VirtualWallLayer::onInitialize()[m[K‚Äô marked ‚Äò[01m[Koverride[m[K‚Äô, but does not override
   20 |     virtual void [01;31m[KonInitialize[m[K() override;
      |                  [01;31m[K^~~~~~~~~~~~[m[K
[01m[K/home/khanh247/software_simulation/turtlebot3_ws/src/plu_virtual_wall/include/plu_virtual_wall/virtual_wall_layer.hpp:21:18:[m[K [01;31m[Kerror: [m[K‚Äò[01m[Kvirtual void virtual_wall_ros2::VirtualWallLayer::updateBounds(double, double, double, double*, double*, double*, double*)[m[K‚Äô marked ‚Äò[01m[Koverride[m[K‚Äô, but does not override
   21 |     virtual void [01;31m[KupdateBounds[m[K(double origin_x, double origin_y, double origin_yaw, double* min_x, double* min_y, double* max_x, double* max_y) override;
      |                  [01;31m[K^~~~~~~~~~~~[m[K
In file included from [01m[K/home/khanh247/software_simulation/turtlebot3_ws/src/plu_virtual_wall/src/virtual_wall_layer.cpp:1[m[K:
[01m[K/home/khanh247/software_simulation/turtlebot3_ws/src/plu_virtual_wall/include/plu_virtual_wall/virtual_wall_layer.hpp:22:18:[m[K [01;31m[Kerror: [m[K‚Äò[01m[Kvirtual void virtual_wall_ros2::VirtualWallLayer::updateCosts(nav2_costmap_2d::Costmap2D&, int, int, int, int)[m[K‚Äô marked ‚Äò[01m[Koverride[m[K‚Äô, but does not override
   22 |     virtual void [01;31m[KupdateCosts[m[K(nav2_costmap_2d::Costmap2D& master_grid, int min_i, int min_j, int max_i, int max_j) override;
      |                  [01;31m[K^~~~~~~~~~~[m[K
[01m[K/home/khanh247/software_simulation/turtlebot3_ws/src/plu_virtual_wall/include/plu_virtual_wall/virtual_wall_layer.hpp:23:18:[m[K [01;31m[Kerror: [m[K‚Äò[01m[Kvirtual void virtual_wall_ros2::VirtualWallLayer::reset()[m[K‚Äô marked ‚Äò[01m[Koverride[m[K‚Äô, but does not override
   23 |     virtual void [01;31m[Kreset[m[K() override;
      |                  [01;31m[K^~~~~[m[K
[01m[K/home/khanh247/software_simulation/turtlebot3_ws/src/plu_virtual_wall/include/plu_virtual_wall/virtual_wall_layer.hpp:24:18:[m[K [01;31m[Kerror: [m[K‚Äò[01m[Kvirtual bool virtual_wall_ros2::VirtualWallLayer::isClearable()[m[K‚Äô marked ‚Äò[01m[Koverride[m[K‚Äô, but does not override
   24 |     virtual bool [01;31m[KisClearable[m[K() override;
      |                  [01;31m[K^~~~~~~~~~~[m[K
In file included from [01m[K/opt/ros/humble/include/rclcpp/rclcpp/client.hpp:40[m[K,
                 from [01m[K/opt/ros/humble/include/rclcpp/rclcpp/callback_group.hpp:24[m[K,
                 from [01m[K/opt/ros/humble/include/rclcpp/rclcpp/any_executable.hpp:20[m[K,
                 from [01m[K/opt/ros/humble/include/rclcpp/rclcpp/memory_strategy.hpp:25[m[K,
                 from [01m[K/opt/ros/humble/include/rclcpp/rclcpp/memory_strategies.hpp:18[m[K,
                 from [01m[K/opt/ros/humble/include/rclcpp/rclcpp/executor_options.hpp:20[m[K,
                 from [01m[K/opt/ros/humble/include/rclcpp/rclcpp/executor.hpp:37[m[K,
                 from [01m[K/opt/ros/humble/include/rclcpp/rclcpp/executors/multi_threaded_executor.hpp:25[m[K,
                 from [01m[K/opt/ros/humble/include/rclcpp/rclcpp/executors.hpp:21[m[K,
                 from [01m[K/opt/ros/humble/include/rclcpp/rclcpp/rclcpp.hpp:155[m[K,
                 from [01m[K/home/khanh247/software_simulation/turtlebot3_ws/src/plu_virtual_wall/include/plu_virtual_wall/virtual_wall_layer.hpp:4[m[K,
                 from [01m[K/home/khanh247/software_simulation/turtlebot3_ws/src/plu_virtual_wall/src/virtual_wall_layer.cpp:1[m[K:
[01m[K/home/khanh247/software_simulation/turtlebot3_ws/src/plu_virtual_wall/src/virtual_wall_layer.cpp:[m[K In member function ‚Äò[01m[Kvirtual void virtual_wall_ros2::VirtualWallLayer::onInitialize()[m[K‚Äô:
[01m[K/home/khanh247/software_simulation/turtlebot3_ws/src/plu_virtual_wall/src/virtual_wall_layer.cpp:23:17:[m[K [01;31m[Kerror: [m[K‚Äò[01m[Klogger_[m[K‚Äô was not declared in this scope
   23 |     RCLCPP_INFO([01;31m[Klogger_[m[K, "Kh·ªüi t·∫°o VirtualWallLayer...");
      |                 [01;31m[K^~~~~~~[m[K
[01m[K/home/khanh247/software_simulation/turtlebot3_ws/src/plu_virtual_wall/src/virtual_wall_layer.cpp:23:5:[m[K [01;31m[Kerror: [m[Ktemplate argument 1 is invalid
   23 |     [01;31m[KRCLCPP_INFO[m[K(logger_, "Kh·ªüi t·∫°o VirtualWallLayer...");
      |     [01;31m[K^~~~~~~~~~~[m[K
[01m[K/home/khanh247/software_simulation/turtlebot3_ws/src/plu_virtual_wall/src/virtual_wall_layer.cpp:23:5:[m[K [01;31m[Kerror: [m[Ktemplate argument 1 is invalid
   23 |     [01;31m[KRCLCPP_INFO[m[K(logger_, "Kh·ªüi t·∫°o VirtualWallLayer...");
      |     [01;31m[K^~~~~~~~~~~[m[K
[01m[K/home/khanh247/software_simulation/turtlebot3_ws/src/plu_virtual_wall/src/virtual_wall_layer.cpp:23:5:[m[K [01;31m[Kerror: [m[Ktemplate argument 1 is invalid
   23 |     [01;31m[KRCLCPP_INFO[m[K(logger_, "Kh·ªüi t·∫°o VirtualWallLayer...");
      |     [01;31m[K^~~~~~~~~~~[m[K
[01m[K/home/khanh247/software_simulation/turtlebot3_ws/src/plu_virtual_wall/src/virtual_wall_layer.cpp:25:17:[m[K [01;31m[Kerror: [m[K‚Äò[01m[Knode_[m[K‚Äô was not declared in this scope; did you mean ‚Äò[01m[Knode[m[K‚Äô?
   25 |     auto node = [01;31m[Knode_[m[K.lock();
      |                 [01;31m[K^~~~~[m[K
      |                 [32m[Knode[m[K
In file included from [01m[K/opt/ros/humble/include/rclcpp/rclcpp/client.hpp:40[m[K,
                 from [01m[K/opt/ros/humble/include/rclcpp/rclcpp/callback_group.hpp:24[m[K,
                 from [01m[K/opt/ros/humble/include/rclcpp/rclcpp/any_executable.hpp:20[m[K,
                 from [01m[K/opt/ros/humble/include/rclcpp/rclcpp/memory_strategy.hpp:25[m[K,
                 from [01m[K/opt/ros/humble/include/rclcpp/rclcpp/memory_strategies.hpp:18[m[K,
                 from [01m[K/opt/ros/humble/include/rclcpp/rclcpp/executor_options.hpp:20[m[K,
                 from [01m[K/opt/ros/humble/include/rclcpp/rclcpp/executor.hpp:37[m[K,
                 from [01m[K/opt/ros/humble/include/rclcpp/rclcpp/executors/multi_threaded_executor.hpp:25[m[K,
                 from [01m[K/opt/ros/humble/include/rclcpp/rclcpp/executors.hpp:21[m[K,
                 from [01m[K/opt/ros/humble/include/rclcpp/rclcpp/rclcpp.hpp:155[m[K,
                 from [01m[K/home/khanh247/software_simulation/turtlebot3_ws/src/plu_virtual_wall/include/plu_virtual_wall/virtual_wall_layer.hpp:4[m[K,
                 from [01m[K/home/khanh247/software_simulation/turtlebot3_ws/src/plu_virtual_wall/src/virtual_wall_layer.cpp:1[m[K:
[01m[K/home/khanh247/software_simulation/turtlebot3_ws/src/plu_virtual_wall/src/virtual_wall_layer.cpp:28:22:[m[K [01;31m[Kerror: [m[K‚Äò[01m[Klogger_[m[K‚Äô was not declared in this scope
   28 |         RCLCPP_ERROR([01;31m[Klogger_[m[K, "Failed to lock node");
      |                      [01;31m[K^~~~~~~[m[K
[01m[K/home/khanh247/software_simulation/turtlebot3_ws/src/plu_virtual_wall/src/virtual_wall_layer.cpp:28:9:[m[K [01;31m[Kerror: [m[Ktemplate argument 1 is invalid
   28 |         [01;31m[KRCLCPP_ERROR[m[K(logger_, "Failed to lock node");
      |         [01;31m[K^~~~~~~~~~~~[m[K
[01m[K/home/khanh247/software_simulation/turtlebot3_ws/src/plu_virtual_wall/src/virtual_wall_layer.cpp:28:9:[m[K [01;31m[Kerror: [m[Ktemplate argument 1 is invalid
   28 |         [01;31m[KRCLCPP_ERROR[m[K(logger_, "Failed to lock node");
      |         [01;31m[K^~~~~~~~~~~~[m[K
[01m[K/home/khanh247/software_simulation/turtlebot3_ws/src/plu_virtual_wall/src/virtual_wall_layer.cpp:28:9:[m[K [01;31m[Kerror: [m[Ktemplate argument 1 is invalid
   28 |         [01;31m[KRCLCPP_ERROR[m[K(logger_, "Failed to lock node");
      |         [01;31m[K^~~~~~~~~~~~[m[K
[01m[K/home/khanh247/software_simulation/turtlebot3_ws/src/plu_virtual_wall/src/virtual_wall_layer.cpp:40:22:[m[K [01;31m[Kerror: [m[K‚Äò[01m[Klogger_[m[K‚Äô was not declared in this scope
   40 |         RCLCPP_ERROR([01;31m[Klogger_[m[K, "Failed to get parameter 'virtual_wall_points'");
      |                      [01;31m[K^~~~~~~[m[K
[01m[K/home/khanh247/software_simulation/turtlebot3_ws/src/plu_virtual_wall/src/virtual_wall_layer.cpp:40:9:[m[K [01;31m[Kerror: [m[Ktemplate argument 1 is invalid
   40 |         [01;31m[KRCLCPP_ERROR[m[K(logger_, "Failed to get parameter 'virtual_wall_points'");
      |         [01;31m[K^~~~~~~~~~~~[m[K
[01m[K/home/khanh247/software_simulation/turtlebot3_ws/src/plu_virtual_wall/src/virtual_wall_layer.cpp:40:9:[m[K [01;31m[Kerror: [m[Ktemplate argument 1 is invalid
   40 |         [01;31m[KRCLCPP_ERROR[m[K(logger_, "Failed to get parameter 'virtual_wall_points'");
      |         [01;31m[K^~~~~~~~~~~~[m[K
[01m[K/home/khanh247/software_simulation/turtlebot3_ws/src/plu_virtual_wall/src/virtual_wall_layer.cpp:40:9:[m[K [01;31m[Kerror: [m[Ktemplate argument 1 is invalid
   40 |         [01;31m[KRCLCPP_ERROR[m[K(logger_, "Failed to get parameter 'virtual_wall_points'");
      |         [01;31m[K^~~~~~~~~~~~[m[K
[01m[K/home/khanh247/software_simulation/turtlebot3_ws/src/plu_virtual_wall/src/virtual_wall_layer.cpp:42:21:[m[K [01;31m[Kerror: [m[K‚Äò[01m[Klogger_[m[K‚Äô was not declared in this scope
   42 |         RCLCPP_INFO([01;31m[Klogger_[m[K, "Gi√° tr·ªã tham s·ªë 'virtual_wall_points': %s", points_yaml.c_str());
      |                     [01;31m[K^~~~~~~[m[K
[01m[K/home/khanh247/software_simulation/turtlebot3_ws/src/plu_virtual_wall/src/virtual_wall_layer.cpp:42:9:[m[K [01;31m[Kerror: [m[Ktemplate argument 1 is invalid
   42 |         [01;31m[KRCLCPP_INFO[m[K(logger_, "Gi√° tr·ªã tham s·ªë 'virtual_wall_points': %s", points_yaml.c_str());
      |         [01;31m[K^~~~~~~~~~~[m[K
[01m[K/home/khanh247/software_simulation/turtlebot3_ws/src/plu_virtual_wall/src/virtual_wall_layer.cpp:42:9:[m[K [01;31m[Kerror: [m[Ktemplate argument 1 is invalid
   42 |         [01;31m[KRCLCPP_INFO[m[K(logger_, "Gi√° tr·ªã tham s·ªë 'virtual_wall_points': %s", points_yaml.c_str());
      |         [01;31m[K^~~~~~~~~~~[m[K
[01m[K/home/khanh247/software_simulation/turtlebot3_ws/src/plu_virtual_wall/src/virtual_wall_layer.cpp:42:9:[m[K [01;31m[Kerror: [m[Ktemplate argument 1 is invalid
   42 |         [01;31m[KRCLCPP_INFO[m[K(logger_, "Gi√° tr·ªã tham s·ªë 'virtual_wall_points': %s", points_yaml.c_str());
      |         [01;31m[K^~~~~~~~~~~[m[K
[01m[K/home/khanh247/software_simulation/turtlebot3_ws/src/plu_virtual_wall/src/virtual_wall_layer.cpp:46:22:[m[K [01;31m[Kerror: [m[K‚Äò[01m[Klogger_[m[K‚Äô was not declared in this scope
   46 |         RCLCPP_ERROR([01;31m[Klogger_[m[K, "Failed to get parameter 'global_frame'");
      |                      [01;31m[K^~~~~~~[m[K
[01m[K/home/khanh247/software_simulation/turtlebot3_ws/src/plu_virtual_wall/src/virtual_wall_layer.cpp:46:9:[m[K [01;31m[Kerror: [m[Ktemplate argument 1 is invalid
   46 |         [01;31m[KRCLCPP_ERROR[m[K(logger_, "Failed to get parameter 'global_frame'");
      |         [01;31m[K^~~~~~~~~~~~[m[K
[01m[K/home/khanh247/software_simulation/turtlebot3_ws/src/plu_virtual_wall/src/virtual_wall_layer.cpp:46:9:[m[K [01;31m[Kerror: [m[Ktemplate argument 1 is invalid
   46 |         [01;31m[KRCLCPP_ERROR[m[K(logger_, "Failed to get parameter 'global_frame'");
      |         [01;31m[K^~~~~~~~~~~~[m[K
[01m[K/home/khanh247/software_simulation/turtlebot3_ws/src/plu_virtual_wall/src/virtual_wall_layer.cpp:46:9:[m[K [01;31m[Kerror: [m[Ktemplate argument 1 is invalid
   46 |         [01;31m[KRCLCPP_ERROR[m[K(logger_, "Failed to get parameter 'global_frame'");
      |         [01;31m[K^~~~~~~~~~~~[m[K
[01m[K/home/khanh247/software_simulation/turtlebot3_ws/src/plu_virtual_wall/src/virtual_wall_layer.cpp:49:21:[m[K [01;31m[Kerror: [m[K‚Äò[01m[Klogger_[m[K‚Äô was not declared in this scope
   49 |         RCLCPP_INFO([01;31m[Klogger_[m[K, "Gi√° tr·ªã tham s·ªë 'global_frame': %s", global_frame_.c_str());
      |                     [01;31m[K^~~~~~~[m[K
[01m[K/home/khanh247/software_simulation/turtlebot3_ws/src/plu_virtual_wall/src/virtual_wall_layer.cpp:49:9:[m[K [01;31m[Kerror: [m[Ktemplate argument 1 is invalid
   49 |         [01;31m[KRCLCPP_INFO[m[K(logger_, "Gi√° tr·ªã tham s·ªë 'global_frame': %s", global_frame_.c_str());
      |         [01;31m[K^~~~~~~~~~~[m[K
[01m[K/home/khanh247/software_simulation/turtlebot3_ws/src/plu_virtual_wall/src/virtual_wall_layer.cpp:49:9:[m[K [01;31m[Kerror: [m[Ktemplate argument 1 is invalid
   49 |         [01;31m[KRCLCPP_INFO[m[K(logger_, "Gi√° tr·ªã tham s·ªë 'global_frame': %s", global_frame_.c_str());
      |         [01;31m[K^~~~~~~~~~~[m[K
[01m[K/home/khanh247/software_simulation/turtlebot3_ws/src/plu_virtual_wall/src/virtual_wall_layer.cpp:49:9:[m[K [01;31m[Kerror: [m[Ktemplate argument 1 is invalid
   49 |         [01;31m[KRCLCPP_INFO[m[K(logger_, "Gi√° tr·ªã tham s·ªë 'global_frame': %s", global_frame_.c_str());
      |         [01;31m[K^~~~~~~~~~~[m[K
[01m[K/home/khanh247/software_simulation/turtlebot3_ws/src/plu_virtual_wall/src/virtual_wall_layer.cpp:58:22:[m[K [01;31m[Kerror: [m[K‚Äò[01m[Klogger_[m[K‚Äô was not declared in this scope
   58 |         RCLCPP_ERROR([01;31m[Klogger_[m[K, "Parameter 'virtual_wall_points' is empty");
      |                      [01;31m[K^~~~~~~[m[K
[01m[K/home/khanh247/software_simulation/turtlebot3_ws/src/plu_virtual_wall/src/virtual_wall_layer.cpp:58:9:[m[K [01;31m[Kerror: [m[Ktemplate argument 1 is invalid
   58 |         [01;31m[KRCLCPP_ERROR[m[K(logger_, "Parameter 'virtual_wall_points' is empty");
      |         [01;31m[K^~~~~~~~~~~~[m[K
[01m[K/home/khanh247/software_simulation/turtlebot3_ws/src/plu_virtual_wall/src/virtual_wall_layer.cpp:58:9:[m[K [01;31m[Kerror: [m[Ktemplate argument 1 is invalid
   58 |         [01;31m[KRCLCPP_ERROR[m[K(logger_, "Parameter 'virtual_wall_points' is empty");
      |         [01;31m[K^~~~~~~~~~~~[m[K
[01m[K/home/khanh247/software_simulation/turtlebot3_ws/src/plu_virtual_wall/src/virtual_wall_layer.cpp:58:9:[m[K [01;31m[Kerror: [m[Ktemplate argument 1 is invalid
   58 |         [01;31m[KRCLCPP_ERROR[m[K(logger_, "Parameter 'virtual_wall_points' is empty");
      |         [01;31m[K^~~~~~~~~~~~[m[K
[01m[K/home/khanh247/software_simulation/turtlebot3_ws/src/plu_virtual_wall/src/virtual_wall_layer.cpp:[m[K In member function ‚Äò[01m[Kvoid virtual_wall_ros2::VirtualWallLayer::loadVirtualWallPoints(const string&)[m[K‚Äô:
[01m[K/home/khanh247/software_simulation/turtlebot3_ws/src/plu_virtual_wall/src/virtual_wall_layer.cpp:64:17:[m[K [01;31m[Kerror: [m[K‚Äò[01m[Klogger_[m[K‚Äô was not declared in this scope
   64 |     RCLCPP_INFO([01;31m[Klogger_[m[K, "T·∫£i c√°c ƒëi·ªÉm t∆∞·ªùng ·∫£o t·ª´ t·ªáp: %s", filename.c_str());
      |                 [01;31m[K^~~~~~~[m[K
[01m[K/home/khanh247/software_simulation/turtlebot3_ws/src/plu_virtual_wall/src/virtual_wall_layer.cpp:64:5:[m[K [01;31m[Kerror: [m[Ktemplate argument 1 is invalid
   64 |     [01;31m[KRCLCPP_INFO[m[K(logger_, "T·∫£i c√°c ƒëi·ªÉm t∆∞·ªùng ·∫£o t·ª´ t·ªáp: %s", filename.c_str());
      |     [01;31m[K^~~~~~~~~~~[m[K
[01m[K/home/khanh247/software_simulation/turtlebot3_ws/src/plu_virtual_wall/src/virtual_wall_layer.cpp:64:5:[m[K [01;31m[Kerror: [m[Ktemplate argument 1 is invalid
   64 |     [01;31m[KRCLCPP_INFO[m[K(logger_, "T·∫£i c√°c ƒëi·ªÉm t∆∞·ªùng ·∫£o t·ª´ t·ªáp: %s", filename.c_str());
      |     [01;31m[K^~~~~~~~~~~[m[K
[01m[K/home/khanh247/software_simulation/turtlebot3_ws/src/plu_virtual_wall/src/virtual_wall_layer.cpp:64:5:[m[K [01;31m[Kerror: [m[Ktemplate argument 1 is invalid
   64 |     [01;31m[KRCLCPP_INFO[m[K(logger_, "T·∫£i c√°c ƒëi·ªÉm t∆∞·ªùng ·∫£o t·ª´ t·ªáp: %s", filename.c_str());
      |     [01;31m[K^~~~~~~~~~~[m[K
[01m[K/home/khanh247/software_simulation/turtlebot3_ws/src/plu_virtual_wall/src/virtual_wall_layer.cpp:75:25:[m[K [01;31m[Kerror: [m[K‚Äò[01m[Klogger_[m[K‚Äô was not declared in this scope
   75 |             RCLCPP_INFO([01;31m[Klogger_[m[K, "ƒê√£ t·∫£i ƒëi·ªÉm: (%f, %f, %f)", p.x, p.y, p.z);
      |                         [01;31m[K^~~~~~~[m[K
[01m[K/home/khanh247/software_simulation/turtlebot3_ws/src/plu_virtual_wall/src/virtual_wall_layer.cpp:75:13:[m[K [01;31m[Kerror: [m[Ktemplate argument 1 is invalid
   75 |             [01;31m[KRCLCPP_INFO[m[K(logger_, "ƒê√£ t·∫£i ƒëi·ªÉm: (%f, %f, %f)", p.x, p.y, p.z);
      |             [01;31m[K^~~~~~~~~~~[m[K
[01m[K/home/khanh247/software_simulation/turtlebot3_ws/src/plu_virtual_wall/src/virtual_wall_layer.cpp:75:13:[m[K [01;31m[Kerror: [m[Ktemplate argument 1 is invalid
   75 |             [01;31m[KRCLCPP_INFO[m[K(logger_, "ƒê√£ t·∫£i ƒëi·ªÉm: (%f, %f, %f)", p.x, p.y, p.z);
      |             [01;31m[K^~~~~~~~~~~[m[K
[01m[K/home/khanh247/software_simulation/turtlebot3_ws/src/plu_virtual_wall/src/virtual_wall_layer.cpp:75:13:[m[K [01;31m[Kerror: [m[Ktemplate argument 1 is invalid
   75 |             [01;31m[KRCLCPP_INFO[m[K(logger_, "ƒê√£ t·∫£i ƒëi·ªÉm: (%f, %f, %f)", p.x, p.y, p.z);
      |             [01;31m[K^~~~~~~~~~~[m[K
[01m[K/home/khanh247/software_simulation/turtlebot3_ws/src/plu_virtual_wall/src/virtual_wall_layer.cpp:80:22:[m[K [01;31m[Kerror: [m[K‚Äò[01m[Klogger_[m[K‚Äô was not declared in this scope
   80 |         RCLCPP_ERROR([01;31m[Klogger_[m[K, "Failed to load virtual wall points: %s", e.what());
      |                      [01;31m[K^~~~~~~[m[K
[01m[K/home/khanh247/software_simulation/turtlebot3_ws/src/plu_virtual_wall/src/virtual_wall_layer.cpp:80:9:[m[K [01;31m[Kerror: [m[Ktemplate argument 1 is invalid
   80 |         [01;31m[KRCLCPP_ERROR[m[K(logger_, "Failed to load virtual wall points: %s", e.what());
      |         [01;31m[K^~~~~~~~~~~~[m[K
[01m[K/home/khanh247/software_simulation/turtlebot3_ws/src/plu_virtual_wall/src/virtual_wall_layer.cpp:80:9:[m[K [01;31m[Kerror: [m[Ktemplate argument 1 is invalid
   80 |         [01;31m[KRCLCPP_ERROR[m[K(logger_, "Failed to load virtual wall points: %s", e.what());
      |         [01;31m[K^~~~~~~~~~~~[m[K
[01m[K/home/khanh247/software_simulation/turtlebot3_ws/src/plu_virtual_wall/src/virtual_wall_layer.cpp:80:9:[m[K [01;31m[Kerror: [m[Ktemplate argument 1 is invalid
   80 |         [01;31m[KRCLCPP_ERROR[m[K(logger_, "Failed to load virtual wall points: %s", e.what());
      |         [01;31m[K^~~~~~~~~~~~[m[K
[01m[K/home/khanh247/software_simulation/turtlebot3_ws/src/plu_virtual_wall/src/virtual_wall_layer.cpp:[m[K In member function ‚Äò[01m[Kvirtual void virtual_wall_ros2::VirtualWallLayer::updateBounds(double, double, double, double*, double*, double*, double*)[m[K‚Äô:
[01m[K/home/khanh247/software_simulation/turtlebot3_ws/src/plu_virtual_wall/src/virtual_wall_layer.cpp:86:17:[m[K [01;31m[Kerror: [m[K‚Äò[01m[Klogger_[m[K‚Äô was not declared in this scope
   86 |     RCLCPP_INFO([01;31m[Klogger_[m[K, "C·∫≠p nh·∫≠t bi√™n...");
      |                 [01;31m[K^~~~~~~[m[K
[01m[K/home/khanh247/software_simulation/turtlebot3_ws/src/plu_virtual_wall/src/virtual_wall_layer.cpp:86:5:[m[K [01;31m[Kerror: [m[Ktemplate argument 1 is invalid
   86 |     [01;31m[KRCLCPP_INFO[m[K(logger_, "C·∫≠p nh·∫≠t bi√™n...");
      |     [01;31m[K^~~~~~~~~~~[m[K
[01m[K/home/khanh247/software_simulation/turtlebot3_ws/src/plu_virtual_wall/src/virtual_wall_layer.cpp:86:5:[m[K [01;31m[Kerror: [m[Ktemplate argument 1 is invalid
   86 |     [01;31m[KRCLCPP_INFO[m[K(logger_, "C·∫≠p nh·∫≠t bi√™n...");
      |     [01;31m[K^~~~~~~~~~~[m[K
[01m[K/home/khanh247/software_simulation/turtlebot3_ws/src/plu_virtual_wall/src/virtual_wall_layer.cpp:86:5:[m[K [01;31m[Kerror: [m[Ktemplate argument 1 is invalid
   86 |     [01;31m[KRCLCPP_INFO[m[K(logger_, "C·∫≠p nh·∫≠t bi√™n...");
      |     [01;31m[K^~~~~~~~~~~[m[K
[01m[K/home/khanh247/software_simulation/turtlebot3_ws/src/plu_virtual_wall/src/virtual_wall_layer.cpp:94:17:[m[K [01;31m[Kerror: [m[K‚Äò[01m[Klogger_[m[K‚Äô was not declared in this scope
   94 |     RCLCPP_INFO([01;31m[Klogger_[m[K, "Bi√™n c·∫≠p nh·∫≠t: min_x = %f, min_y = %f, max_x = %f, max_y = %f", *min_x, *min_y, *max_x, *max_y);
      |                 [01;31m[K^~~~~~~[m[K
[01m[K/home/khanh247/software_simulation/turtlebot3_ws/src/plu_virtual_wall/src/virtual_wall_layer.cpp:94:5:[m[K [01;31m[Kerror: [m[Ktemplate argument 1 is invalid
   94 |     [01;31m[KRCLCPP_INFO[m[K(logger_, "Bi√™n c·∫≠p nh·∫≠t: min_x = %f, min_y = %f, max_x = %f, max_y = %f", *min_x, *min_y, *max_x, *max_y);
      |     [01;31m[K^~~~~~~~~~~[m[K
[01m[K/home/khanh247/software_simulation/turtlebot3_ws/src/plu_virtual_wall/src/virtual_wall_layer.cpp:94:5:[m[K [01;31m[Kerror: [m[Ktemplate argument 1 is invalid
   94 |     [01;31m[KRCLCPP_INFO[m[K(logger_, "Bi√™n c·∫≠p nh·∫≠t: min_x = %f, min_y = %f, max_x = %f, max_y = %f", *min_x, *min_y, *max_x, *max_y);
      |     [01;31m[K^~~~~~~~~~~[m[K
[01m[K/home/khanh247/software_simulation/turtlebot3_ws/src/plu_virtual_wall/src/virtual_wall_layer.cpp:94:5:[m[K [01;31m[Kerror: [m[Ktemplate argument 1 is invalid
   94 |     [01;31m[KRCLCPP_INFO[m[K(logger_, "Bi√™n c·∫≠p nh·∫≠t: min_x = %f, min_y = %f, max_x = %f, max_y = %f", *min_x, *min_y, *max_x, *max_y);
      |     [01;31m[K^~~~~~~~~~~[m[K
[01m[K/home/khanh247/software_simulation/turtlebot3_ws/src/plu_virtual_wall/src/virtual_wall_layer.cpp:[m[K In member function ‚Äò[01m[Kvirtual void virtual_wall_ros2::VirtualWallLayer::updateCosts(nav2_costmap_2d::Costmap2D&, int, int, int, int)[m[K‚Äô:
[01m[K/home/khanh247/software_simulation/turtlebot3_ws/src/plu_virtual_wall/src/virtual_wall_layer.cpp:99:17:[m[K [01;31m[Kerror: [m[K‚Äò[01m[Klogger_[m[K‚Äô was not declared in this scope
   99 |     RCLCPP_INFO([01;31m[Klogger_[m[K, "C·∫≠p nh·∫≠t chi ph√≠...");
      |                 [01;31m[K^~~~~~~[m[K
[01m[K/home/khanh247/software_simulation/turtlebot3_ws/src/plu_virtual_wall/src/virtual_wall_layer.cpp:99:5:[m[K [01;31m[Kerror: [m[Ktemplate argument 1 is invalid
   99 |     [01;31m[KRCLCPP_INFO[m[K(logger_, "C·∫≠p nh·∫≠t chi ph√≠...");
      |     [01;31m[K^~~~~~~~~~~[m[K
[01m[K/home/khanh247/software_simulation/turtlebot3_ws/src/plu_virtual_wall/src/virtual_wall_layer.cpp:99:5:[m[K [01;31m[Kerror: [m[Ktemplate argument 1 is invalid
   99 |     [01;31m[KRCLCPP_INFO[m[K(logger_, "C·∫≠p nh·∫≠t chi ph√≠...");
      |     [01;31m[K^~~~~~~~~~~[m[K
[01m[K/home/khanh247/software_simulation/turtlebot3_ws/src/plu_virtual_wall/src/virtual_wall_layer.cpp:99:5:[m[K [01;31m[Kerror: [m[Ktemplate argument 1 is invalid
   99 |     [01;31m[KRCLCPP_INFO[m[K(logger_, "C·∫≠p nh·∫≠t chi ph√≠...");
      |     [01;31m[K^~~~~~~~~~~[m[K
[01m[K/home/khanh247/software_simulation/turtlebot3_ws/src/plu_virtual_wall/src/virtual_wall_layer.cpp:[m[K In member function ‚Äò[01m[Kvoid virtual_wall_ros2::VirtualWallLayer::markPolygonCells(nav2_costmap_2d::Costmap2D&, int, int, int, int)[m[K‚Äô:
[01m[K/home/khanh247/software_simulation/turtlebot3_ws/src/plu_virtual_wall/src/virtual_wall_layer.cpp:105:17:[m[K [01;31m[Kerror: [m[K‚Äò[01m[Klogger_[m[K‚Äô was not declared in this scope
  105 |     RCLCPP_INFO([01;31m[Klogger_[m[K, "ƒê√°nh d·∫•u c√°c √¥ trong v√πng t∆∞·ªùng ·∫£o...");
      |                 [01;31m[K^~~~~~~[m[K
[01m[K/home/khanh247/software_simulation/turtlebot3_ws/src/plu_virtual_wall/src/virtual_wall_layer.cpp:105:5:[m[K [01;31m[Kerror: [m[Ktemplate argument 1 is invalid
  105 |     [01;31m[KRCLCPP_INFO[m[K(logger_, "ƒê√°nh d·∫•u c√°c √¥ trong v√πng t∆∞·ªùng ·∫£o...");
      |     [01;31m[K^~~~~~~~~~~[m[K
[01m[K/home/khanh247/software_simulation/turtlebot3_ws/src/plu_virtual_wall/src/virtual_wall_layer.cpp:105:5:[m[K [01;31m[Kerror: [m[Ktemplate argument 1 is invalid
  105 |     [01;31m[KRCLCPP_INFO[m[K(logger_, "ƒê√°nh d·∫•u c√°c √¥ trong v√πng t∆∞·ªùng ·∫£o...");
      |     [01;31m[K^~~~~~~~~~~[m[K
[01m[K/home/khanh247/software_simulation/turtlebot3_ws/src/plu_virtual_wall/src/virtual_wall_layer.cpp:105:5:[m[K [01;31m[Kerror: [m[Ktemplate argument 1 is invalid
  105 |     [01;31m[KRCLCPP_INFO[m[K(logger_, "ƒê√°nh d·∫•u c√°c √¥ trong v√πng t∆∞·ªùng ·∫£o...");
      |     [01;31m[K^~~~~~~~~~~[m[K
[01m[K/home/khanh247/software_simulation/turtlebot3_ws/src/plu_virtual_wall/src/virtual_wall_layer.cpp:108:21:[m[K [01;31m[Kerror: [m[K‚Äò[01m[Klogger_[m[K‚Äô was not declared in this scope
  108 |         RCLCPP_WARN([01;31m[Klogger_[m[K, "Kh√¥ng ƒë·ªß ƒëi·ªÉm ƒë·ªÉ t·∫°o th√†nh m·ªôt ƒëa gi√°c");
      |                     [01;31m[K^~~~~~~[m[K
[01m[K/home/khanh247/software_simulation/turtlebot3_ws/src/plu_virtual_wall/src/virtual_wall_layer.cpp:108:9:[m[K [01;31m[Kerror: [m[Ktemplate argument 1 is invalid
  108 |         [01;31m[KRCLCPP_WARN[m[K(logger_, "Kh√¥ng ƒë·ªß ƒëi·ªÉm ƒë·ªÉ t·∫°o th√†nh m·ªôt ƒëa gi√°c");
      |         [01;31m[K^~~~~~~~~~~[m[K
[01m[K/home/khanh247/software_simulation/turtlebot3_ws/src/plu_virtual_wall/src/virtual_wall_layer.cpp:108:9:[m[K [01;31m[Kerror: [m[Ktemplate argument 1 is invalid
  108 |         [01;31m[KRCLCPP_WARN[m[K(logger_, "Kh√¥ng ƒë·ªß ƒëi·ªÉm ƒë·ªÉ t·∫°o th√†nh m·ªôt ƒëa gi√°c");
      |         [01;31m[K^~~~~~~~~~~[m[K
[01m[K/home/khanh247/software_simulation/turtlebot3_ws/src/plu_virtual_wall/src/virtual_wall_layer.cpp:108:9:[m[K [01;31m[Kerror: [m[Ktemplate argument 1 is invalid
  108 |         [01;31m[KRCLCPP_WARN[m[K(logger_, "Kh√¥ng ƒë·ªß ƒëi·ªÉm ƒë·ªÉ t·∫°o th√†nh m·ªôt ƒëa gi√°c");
      |         [01;31m[K^~~~~~~~~~~[m[K
[01m[K/home/khanh247/software_simulation/turtlebot3_ws/src/plu_virtual_wall/src/virtual_wall_layer.cpp:119:21:[m[K [01;31m[Kerror: [m[K‚Äò[01m[Klogger_[m[K‚Äô was not declared in this scope
  119 |         RCLCPP_WARN([01;31m[Klogger_[m[K, "Kh√¥ng th·ªÉ bi·∫øn ƒë·ªïi: %s", ex.what());
      |                     [01;31m[K^~~~~~~[m[K
[01m[K/home/khanh247/software_simulation/turtlebot3_ws/src/plu_virtual_wall/src/virtual_wall_layer.cpp:119:9:[m[K [01;31m[Kerror: [m[Ktemplate argument 1 is invalid
  119 |         [01;31m[KRCLCPP_WARN[m[K(logger_, "Kh√¥ng th·ªÉ bi·∫øn ƒë·ªïi: %s", ex.what());
      |         [01;31m[K^~~~~~~~~~~[m[K
[01m[K/home/khanh247/software_simulation/turtlebot3_ws/src/plu_virtual_wall/src/virtual_wall_layer.cpp:119:9:[m[K [01;31m[Kerror: [m[Ktemplate argument 1 is invalid
  119 |         [01;31m[KRCLCPP_WARN[m[K(logger_, "Kh√¥ng th·ªÉ bi·∫øn ƒë·ªïi: %s", ex.what());
      |         [01;31m[K^~~~~~~~~~~[m[K
[01m[K/home/khanh247/software_simulation/turtlebot3_ws/src/plu_virtual_wall/src/virtual_wall_layer.cpp:119:9:[m[K [01;31m[Kerror: [m[Ktemplate argument 1 is invalid
  119 |         [01;31m[KRCLCPP_WARN[m[K(logger_, "Kh√¥ng th·ªÉ bi·∫øn ƒë·ªïi: %s", ex.what());
      |         [01;31m[K^~~~~~~~~~~[m[K
[01m[K/home/khanh247/software_simulation/turtlebot3_ws/src/plu_virtual_wall/src/virtual_wall_layer.cpp:123:17:[m[K [01;31m[Kerror: [m[K‚Äò[01m[Klogger_[m[K‚Äô was not declared in this scope
  123 |     RCLCPP_INFO([01;31m[Klogger_[m[K, "ƒê√£ nh·∫≠n ƒë∆∞·ª£c bi·∫øn ƒë·ªïi");
      |                 [01;31m[K^~~~~~~[m[K
[01m[K/home/khanh247/software_simulation/turtlebot3_ws/src/plu_virtual_wall/src/virtual_wall_layer.cpp:123:5:[m[K [01;31m[Kerror: [m[Ktemplate argument 1 is invalid
  123 |     [01;31m[KRCLCPP_INFO[m[K(logger_, "ƒê√£ nh·∫≠n ƒë∆∞·ª£c bi·∫øn ƒë·ªïi");
      |     [01;31m[K^~~~~~~~~~~[m[K
[01m[K/home/khanh247/software_simulation/turtlebot3_ws/src/plu_virtual_wall/src/virtual_wall_layer.cpp:123:5:[m[K [01;31m[Kerror: [m[Ktemplate argument 1 is invalid
  123 |     [01;31m[KRCLCPP_INFO[m[K(logger_, "ƒê√£ nh·∫≠n ƒë∆∞·ª£c bi·∫øn ƒë·ªïi");
      |     [01;31m[K^~~~~~~~~~~[m[K
[01m[K/home/khanh247/software_simulation/turtlebot3_ws/src/plu_virtual_wall/src/virtual_wall_layer.cpp:123:5:[m[K [01;31m[Kerror: [m[Ktemplate argument 1 is invalid
  123 |     [01;31m[KRCLCPP_INFO[m[K(logger_, "ƒê√£ nh·∫≠n ƒë∆∞·ª£c bi·∫øn ƒë·ªïi");
      |     [01;31m[K^~~~~~~~~~~[m[K
[01m[K/home/khanh247/software_simulation/turtlebot3_ws/src/plu_virtual_wall/src/virtual_wall_layer.cpp:125:38:[m[K [01;35m[Kwarning: [m[Kcomparison of integer expressions of different signedness: ‚Äò[01m[Kunsigned int[m[K‚Äô and ‚Äò[01m[Kint[m[K‚Äô [[01;35m[K]8;;https://gcc.gnu.org/onlinedocs/gcc/Warning-Options.html#index-Wsign-compare-Wsign-compare]8;;[m[K]
  125 |     for (unsigned int mx = min_i; [01;35m[Kmx < max_i[m[K; mx++)
      |                                   [01;35m[K~~~^~~~~~~[m[K
[01m[K/home/khanh247/software_simulation/turtlebot3_ws/src/plu_virtual_wall/src/virtual_wall_layer.cpp:127:42:[m[K [01;35m[Kwarning: [m[Kcomparison of integer expressions of different signedness: ‚Äò[01m[Kunsigned int[m[K‚Äô and ‚Äò[01m[Kint[m[K‚Äô [[01;35m[K]8;;https://gcc.gnu.org/onlinedocs/gcc/Warning-Options.html#index-Wsign-compare-Wsign-compare]8;;[m[K]
  127 |         for (unsigned int my = min_j; [01;35m[Kmy < max_j[m[K; my++)
      |                                       [01;35m[K~~~^~~~~~~[m[K
In file included from [01m[K/opt/ros/humble/include/rclcpp/rclcpp/client.hpp:40[m[K,
                 from [01m[K/opt/ros/humble/include/rclcpp/rclcpp/callback_group.hpp:24[m[K,
                 from [01m[K/opt/ros/humble/include/rclcpp/rclcpp/any_executable.hpp:20[m[K,
                 from [01m[K/opt/ros/humble/include/rclcpp/rclcpp/memory_strategy.hpp:25[m[K,
                 from [01m[K/opt/ros/humble/include/rclcpp/rclcpp/memory_strategies.hpp:18[m[K,
                 from [01m[K/opt/ros/humble/include/rclcpp/rclcpp/executor_options.hpp:20[m[K,
                 from [01m[K/opt/ros/humble/include/rclcpp/rclcpp/executor.hpp:37[m[K,
                 from [01m[K/opt/ros/humble/include/rclcpp/rclcpp/executors/multi_threaded_executor.hpp:25[m[K,
                 from [01m[K/opt/ros/humble/include/rclcpp/rclcpp/executors.hpp:21[m[K,
                 from [01m[K/opt/ros/humble/include/rclcpp/rclcpp/rclcpp.hpp:155[m[K,
                 from [01m[K/home/khanh247/software_simulation/turtlebot3_ws/src/plu_virtual_wall/include/plu_virtual_wall/virtual_wall_layer.hpp:4[m[K,
                 from [01m[K/home/khanh247/software_simulation/turtlebot3_ws/src/plu_virtual_wall/src/virtual_wall_layer.cpp:1[m[K:
[01m[K/home/khanh247/software_simulation/turtlebot3_ws/src/plu_virtual_wall/src/virtual_wall_layer.cpp:142:29:[m[K [01;31m[Kerror: [m[K‚Äò[01m[Klogger_[m[K‚Äô was not declared in this scope
  142 |                 RCLCPP_INFO([01;31m[Klogger_[m[K, "ƒê·∫∑t chi ph√≠ t·∫°i (%f, %f)", point_out.point.x, point_out.point.y);
      |                             [01;31m[K^~~~~~~[m[K
[01m[K/home/khanh247/software_simulation/turtlebot3_ws/src/plu_virtual_wall/src/virtual_wall_layer.cpp:142:17:[m[K [01;31m[Kerror: [m[Ktemplate argument 1 is invalid
  142 |                 [01;31m[KRCLCPP_INFO[m[K(logger_, "ƒê·∫∑t chi ph√≠ t·∫°i (%f, %f)", point_out.point.x, point_out.point.y);
      |                 [01;31m[K^~~~~~~~~~~[m[K
[01m[K/home/khanh247/software_simulation/turtlebot3_ws/src/plu_virtual_wall/src/virtual_wall_layer.cpp:142:17:[m[K [01;31m[Kerror: [m[Ktemplate argument 1 is invalid
  142 |                 [01;31m[KRCLCPP_INFO[m[K(logger_, "ƒê·∫∑t chi ph√≠ t·∫°i (%f, %f)", point_out.point.x, point_out.point.y);
      |                 [01;31m[K^~~~~~~~~~~[m[K
[01m[K/home/khanh247/software_simulation/turtlebot3_ws/src/plu_virtual_wall/src/virtual_wall_layer.cpp:142:17:[m[K [01;31m[Kerror: [m[Ktemplate argument 1 is invalid
  142 |                 [01;31m[KRCLCPP_INFO[m[K(logger_, "ƒê·∫∑t chi ph√≠ t·∫°i (%f, %f)", point_out.point.x, point_out.point.y);
      |                 [01;31m[K^~~~~~~~~~~[m[K
In file included from [01m[K/opt/ros/humble/include/class_loader/class_loader/class_loader_core.hpp:57[m[K,
                 from [01m[K/opt/ros/humble/include/class_loader/class_loader/class_loader.hpp:55[m[K,
                 from [01m[K/opt/ros/humble/include/pluginlib/pluginlib/class_list_macros.hpp:40[m[K,
                 from [01m[K/home/khanh247/software_simulation/turtlebot3_ws/src/plu_virtual_wall/include/plu_virtual_wall/virtual_wall_layer.hpp:7[m[K,
                 from [01m[K/home/khanh247/software_simulation/turtlebot3_ws/src/plu_virtual_wall/src/virtual_wall_layer.cpp:1[m[K:
/opt/ros/humble/include/class_loader/class_loader/meta_object.hpp: In instantiation of ‚Äò[01m[KB* class_loader::impl::MetaObject<C, B>::create() const [with C = virtual_wall_ros2::VirtualWallLayer; B = nav2_costmap_2d::Layer][m[K‚Äô:
[01m[K/opt/ros/humble/include/class_loader/class_loader/meta_object.hpp:216:7:[m[K   required from here
[01m[K/opt/ros/humble/include/class_loader/class_loader/meta_object.hpp:218:16:[m[K [01;31m[Kerror: [m[Kcannot convert ‚Äò[01m[Kvirtual_wall_ros2::VirtualWallLayer*[m[K‚Äô to ‚Äò[01m[Knav2_costmap_2d::Layer*[m[K‚Äô in return
  218 |     return new [01;31m[KC[m[K;
      |                [01;31m[K^[m[K
gmake[2]: *** [CMakeFiles/plu_virtual_wall.dir/build.make:76: CMakeFiles/plu_virtual_wall.dir/src/virtual_wall_layer.cpp.o] Error 1
gmake[1]: *** [CMakeFiles/Makefile2:139: CMakeFiles/plu_virtual_wall.dir/all] Error 2
gmake: *** [Makefile:146: all] Error 2
