[0.026s] Invoking command in '/home/khanh247/software_simulation/turtlebot3_ws/build/plu_virtual_wall': CMAKE_PREFIX_PATH=/home/khanh247/software_simulation/turtlebot3_ws/install/nav2_costmap_2d:/home/khanh247/software_simulation/turtlebot3_ws/install/nav2_map_server:/home/khanh247/software_simulation/turtlebot3_ws/install/nav2_lifecycle_manager:/home/khanh247/software_simulation/turtlebot3_ws/install/nav2_util:/home/khanh247/software_simulation/turtlebot3_ws/install/nav2_voxel_grid:/home/khanh247/software_simulation/turtlebot3_ws/install/nav2_msgs:/home/khanh247/software_simulation/turtlebot3_ws/install/nav2_common:/home/khanh247/software_simulation/turtlebot3_ws/install/virtual_wall_ros2:/home/khanh247/software_simulation/turtlebot3_ws/install/virtual_wall:/home/khanh247/software_simulation/turtlebot3_ws/install/tutorial_interfaces:/home/khanh247/software_simulation/turtlebot3_ws/install/turtlebot3:/home/khanh247/software_simulation/turtlebot3_ws/install/turtlebot3_simulations:/home/khanh247/software_simulation/turtlebot3_ws/install/turtlebot3_bringup:/home/khanh247/software_simulation/turtlebot3_ws/install/turtlebot3_node:/home/khanh247/software_simulation/turtlebot3_ws/install/turtlebot3_navigation2:/home/khanh247/software_simulation/turtlebot3_ws/install/turtlebot3_fake_node:/home/khanh247/software_simulation/turtlebot3_ws/install/turtlebot3_msgs:/home/khanh247/software_simulation/turtlebot3_ws/install/turtlebot3_gazebo:/home/khanh247/software_simulation/turtlebot3_ws/install/turtlebot3_description:/home/khanh247/software_simulation/turtlebot3_ws/install/turtlebot3_cartographer:/home/khanh247/software_simulation/turtlebot3_ws/install/plu_virtual_wall:/home/khanh247/software_simulation/turtlebot3_ws/install/nav2_system_tests:/home/khanh247/software_simulation/turtlebot3_ws/install/nav2_bringup:/home/khanh247/software_simulation/turtlebot3_ws/install/navigation2:/home/khanh247/software_simulation/turtlebot3_ws/install/nav2_smoother:/home/khanh247/software_simulation/turtlebot3_ws/install/nav2_graceful_controller:/home/khanh247/software_simulation/turtlebot3_ws/install/nav2_dwb_controller:/home/khanh247/software_simulation/turtlebot3_ws/install/nav2_controller:/home/khanh247/software_simulation/turtlebot3_ws/install/dwb_plugins:/home/khanh247/software_simulation/turtlebot3_ws/install/dwb_critics:/home/khanh247/software_simulation/turtlebot3_ws/install/dwb_core:/home/khanh247/software_simulation/turtlebot3_ws/install/nav_2d_utils:/home/khanh247/software_simulation/turtlebot3_ws/install/dwb_msgs:/home/khanh247/software_simulation/turtlebot3_ws/install/nav_2d_msgs:/home/khanh247/software_simulation/turtlebot3_ws/install/nav2_waypoint_follower:/home/khanh247/software_simulation/turtlebot3_ws/install/nav2_theta_star_planner:/home/khanh247/software_simulation/turtlebot3_ws/install/nav2_smac_planner:/home/khanh247/software_simulation/turtlebot3_ws/install/nav2_rotation_shim_controller:/home/khanh247/software_simulation/turtlebot3_ws/install/nav2_regulated_pure_pursuit_controller:/home/khanh247/software_simulation/turtlebot3_ws/install/nav2_planner:/home/khanh247/software_simulation/turtlebot3_ws/install/nav2_navfn_planner:/home/khanh247/software_simulation/turtlebot3_ws/install/nav2_mppi_controller:/home/khanh247/software_simulation/turtlebot3_ws/install/nav2_constrained_smoother:/home/khanh247/software_simulation/turtlebot3_ws/install/nav2_bt_navigator:/home/khanh247/software_simulation/turtlebot3_ws/install/nav2_behaviors:/home/khanh247/software_simulation/turtlebot3_ws/install/nav2_core:/home/khanh247/software_simulation/turtlebot3_ws/install/nav2_collision_monitor:/home/khanh247/software_simulation/turtlebot3_ws/install/costmap_queue:/home/khanh247/software_simulation/turtlebot3_ws/install/nav2_velocity_smoother:/home/khanh247/software_simulation/turtlebot3_ws/install/nav2_rviz_plugins:/home/khanh247/software_simulation/turtlebot3_ws/install/nav2_behavior_tree:/home/khanh247/software_simulation/turtlebot3_ws/install/nav2_amcl:/home/khanh247/software_simulation/turtlebot3_ws/install/dynamixel_sdk_examples:/home/khanh247/software_simulation/turtlebot3_ws/install/dynamixel_sdk_custom_interfaces:/home/khanh247/software_simulation/turtlebot3_ws/install/dynamixel_sdk:/home/khanh247/software_simulation/turtlebot3_ws/install/turtlebot3_teleop:/home/khanh247/software_simulation/turtlebot3_ws/install/turtlebot3_example:/home/khanh247/software_simulation/turtlebot3_ws/install/nav2_simple_commander:/opt/ros/humble LD_LIBRARY_PATH=/home/khanh247/software_simulation/turtlebot3_ws/install/nav2_costmap_2d/lib:/home/khanh247/software_simulation/turtlebot3_ws/install/nav2_map_server/lib:/home/khanh247/software_simulation/turtlebot3_ws/install/nav2_lifecycle_manager/lib:/home/khanh247/software_simulation/turtlebot3_ws/install/nav2_util/lib:/home/khanh247/software_simulation/turtlebot3_ws/install/nav2_voxel_grid/lib:/home/khanh247/software_simulation/turtlebot3_ws/install/nav2_msgs/lib:/home/khanh247/software_simulation/turtlebot3_ws/install/virtual_wall_ros2/lib:/home/khanh247/software_simulation/turtlebot3_ws/install/virtual_wall/lib:/home/khanh247/software_simulation/turtlebot3_ws/install/turtlebot3_msgs/lib:/home/khanh247/software_simulation/turtlebot3_ws/install/plu_virtual_wall/lib:/home/khanh247/software_simulation/turtlebot3_ws/install/nav2_smoother/lib:/home/khanh247/software_simulation/turtlebot3_ws/install/nav2_graceful_controller/lib:/home/khanh247/software_simulation/turtlebot3_ws/install/nav2_controller/lib:/home/khanh247/software_simulation/turtlebot3_ws/install/dwb_plugins/lib:/home/khanh247/software_simulation/turtlebot3_ws/install/dwb_critics/lib:/home/khanh247/software_simulation/turtlebot3_ws/install/dwb_core/lib:/home/khanh247/software_simulation/turtlebot3_ws/install/nav_2d_utils/lib:/home/khanh247/software_simulation/turtlebot3_ws/install/dwb_msgs/lib:/home/khanh247/software_simulation/turtlebot3_ws/install/nav_2d_msgs/lib:/home/khanh247/software_simulation/turtlebot3_ws/install/nav2_waypoint_follower/lib:/home/khanh247/software_simulation/turtlebot3_ws/install/nav2_theta_star_planner/lib:/home/khanh247/software_simulation/turtlebot3_ws/install/nav2_smac_planner/lib:/home/khanh247/software_simulation/turtlebot3_ws/install/nav2_rotation_shim_controller/lib:/home/khanh247/software_simulation/turtlebot3_ws/install/nav2_regulated_pure_pursuit_controller/lib:/home/khanh247/software_simulation/turtlebot3_ws/install/nav2_planner/lib:/home/khanh247/software_simulation/turtlebot3_ws/install/nav2_navfn_planner/lib:/home/khanh247/software_simulation/turtlebot3_ws/install/nav2_mppi_controller/lib:/home/khanh247/software_simulation/turtlebot3_ws/install/nav2_constrained_smoother/lib:/home/khanh247/software_simulation/turtlebot3_ws/install/nav2_bt_navigator/lib:/home/khanh247/software_simulation/turtlebot3_ws/install/nav2_behaviors/lib:/home/khanh247/software_simulation/turtlebot3_ws/install/nav2_collision_monitor/lib:/home/khanh247/software_simulation/turtlebot3_ws/install/costmap_queue/lib:/home/khanh247/software_simulation/turtlebot3_ws/install/nav2_velocity_smoother/lib:/home/khanh247/software_simulation/turtlebot3_ws/install/nav2_rviz_plugins/lib:/home/khanh247/software_simulation/turtlebot3_ws/install/nav2_behavior_tree/lib:/home/khanh247/software_simulation/turtlebot3_ws/install/nav2_amcl/lib:/home/khanh247/software_simulation/turtlebot3_ws/install/dynamixel_sdk_custom_interfaces/lib:/home/khanh247/software_simulation/turtlebot3_ws/install/dynamixel_sdk/lib:/usr/lib/x86_64-linux-gnu/gazebo-11/plugins:/opt/ros/humble/opt/rviz_ogre_vendor/lib:/opt/ros/humble/lib/x86_64-linux-gnu:/opt/ros/humble/lib /usr/bin/cmake --build /home/khanh247/software_simulation/turtlebot3_ws/build/plu_virtual_wall -- -j16 -l16
[0.068s] [35m[1mConsolidate compiler generated dependencies of target plu_virtual_wall[0m
[0.085s] [ 25%] [32mBuilding CXX object CMakeFiles/plu_virtual_wall.dir/src/virtual_wall_layer.cpp.o[0m
[2.243s] In file included from [01m[K/home/khanh247/software_simulation/turtlebot3_ws/src/plu_virtual_wall/src/virtual_wall_layer.cpp:1[m[K:
[2.243s] [01m[K/home/khanh247/software_simulation/turtlebot3_ws/src/plu_virtual_wall/include/plu_virtual_wall/virtual_wall_layer.hpp:16:3:[m[K [01;31m[Kerror: [m[Kexpected class-name before ‚Äò[01m[K{[m[K‚Äô token
[2.243s]    16 |   [01;31m[K{[m[K
[2.243s]       |   [01;31m[K^[m[K
[2.243s] [01m[K/home/khanh247/software_simulation/turtlebot3_ws/src/plu_virtual_wall/include/plu_virtual_wall/virtual_wall_layer.hpp:20:18:[m[K [01;31m[Kerror: [m[K‚Äò[01m[Kvirtual void virtual_wall_ros2::VirtualWallLayer::onInitialize()[m[K‚Äô marked ‚Äò[01m[Koverride[m[K‚Äô, but does not override
[2.243s]    20 |     virtual void [01;31m[KonInitialize[m[K() override;
[2.243s]       |                  [01;31m[K^~~~~~~~~~~~[m[K
[2.243s] [01m[K/home/khanh247/software_simulation/turtlebot3_ws/src/plu_virtual_wall/include/plu_virtual_wall/virtual_wall_layer.hpp:21:18:[m[K [01;31m[Kerror: [m[K‚Äò[01m[Kvirtual void virtual_wall_ros2::VirtualWallLayer::updateBounds(double, double, double, double*, double*, double*, double*)[m[K‚Äô marked ‚Äò[01m[Koverride[m[K‚Äô, but does not override
[2.243s]    21 |     virtual void [01;31m[KupdateBounds[m[K(double origin_x, double origin_y, double origin_yaw, double* min_x, double* min_y, double* max_x, double* max_y) override;
[2.243s]       |                  [01;31m[K^~~~~~~~~~~~[m[K
[2.243s] In file included from [01m[K/home/khanh247/software_simulation/turtlebot3_ws/src/plu_virtual_wall/src/virtual_wall_layer.cpp:1[m[K:
[2.243s] [01m[K/home/khanh247/software_simulation/turtlebot3_ws/src/plu_virtual_wall/include/plu_virtual_wall/virtual_wall_layer.hpp:22:18:[m[K [01;31m[Kerror: [m[K‚Äò[01m[Kvirtual void virtual_wall_ros2::VirtualWallLayer::updateCosts(nav2_costmap_2d::Costmap2D&, int, int, int, int)[m[K‚Äô marked ‚Äò[01m[Koverride[m[K‚Äô, but does not override
[2.243s]    22 |     virtual void [01;31m[KupdateCosts[m[K(nav2_costmap_2d::Costmap2D& master_grid, int min_i, int min_j, int max_i, int max_j) override;
[2.243s]       |                  [01;31m[K^~~~~~~~~~~[m[K
[2.243s] [01m[K/home/khanh247/software_simulation/turtlebot3_ws/src/plu_virtual_wall/include/plu_virtual_wall/virtual_wall_layer.hpp:23:18:[m[K [01;31m[Kerror: [m[K‚Äò[01m[Kvirtual void virtual_wall_ros2::VirtualWallLayer::reset()[m[K‚Äô marked ‚Äò[01m[Koverride[m[K‚Äô, but does not override
[2.243s]    23 |     virtual void [01;31m[Kreset[m[K() override;
[2.244s]       |                  [01;31m[K^~~~~[m[K
[2.244s] [01m[K/home/khanh247/software_simulation/turtlebot3_ws/src/plu_virtual_wall/include/plu_virtual_wall/virtual_wall_layer.hpp:24:18:[m[K [01;31m[Kerror: [m[K‚Äò[01m[Kvirtual bool virtual_wall_ros2::VirtualWallLayer::isClearable()[m[K‚Äô marked ‚Äò[01m[Koverride[m[K‚Äô, but does not override
[2.244s]    24 |     virtual bool [01;31m[KisClearable[m[K() override;
[2.244s]       |                  [01;31m[K^~~~~~~~~~~[m[K
[2.312s] In file included from [01m[K/opt/ros/humble/include/rclcpp/rclcpp/client.hpp:40[m[K,
[2.312s]                  from [01m[K/opt/ros/humble/include/rclcpp/rclcpp/callback_group.hpp:24[m[K,
[2.312s]                  from [01m[K/opt/ros/humble/include/rclcpp/rclcpp/any_executable.hpp:20[m[K,
[2.312s]                  from [01m[K/opt/ros/humble/include/rclcpp/rclcpp/memory_strategy.hpp:25[m[K,
[2.312s]                  from [01m[K/opt/ros/humble/include/rclcpp/rclcpp/memory_strategies.hpp:18[m[K,
[2.312s]                  from [01m[K/opt/ros/humble/include/rclcpp/rclcpp/executor_options.hpp:20[m[K,
[2.312s]                  from [01m[K/opt/ros/humble/include/rclcpp/rclcpp/executor.hpp:37[m[K,
[2.312s]                  from [01m[K/opt/ros/humble/include/rclcpp/rclcpp/executors/multi_threaded_executor.hpp:25[m[K,
[2.312s]                  from [01m[K/opt/ros/humble/include/rclcpp/rclcpp/executors.hpp:21[m[K,
[2.312s]                  from [01m[K/opt/ros/humble/include/rclcpp/rclcpp/rclcpp.hpp:155[m[K,
[2.312s]                  from [01m[K/home/khanh247/software_simulation/turtlebot3_ws/src/plu_virtual_wall/include/plu_virtual_wall/virtual_wall_layer.hpp:4[m[K,
[2.312s]                  from [01m[K/home/khanh247/software_simulation/turtlebot3_ws/src/plu_virtual_wall/src/virtual_wall_layer.cpp:1[m[K:
[2.313s] [01m[K/home/khanh247/software_simulation/turtlebot3_ws/src/plu_virtual_wall/src/virtual_wall_layer.cpp:[m[K In member function ‚Äò[01m[Kvirtual void virtual_wall_ros2::VirtualWallLayer::onInitialize()[m[K‚Äô:
[2.313s] [01m[K/home/khanh247/software_simulation/turtlebot3_ws/src/plu_virtual_wall/src/virtual_wall_layer.cpp:23:17:[m[K [01;31m[Kerror: [m[K‚Äò[01m[Klogger_[m[K‚Äô was not declared in this scope
[2.313s]    23 |     RCLCPP_INFO([01;31m[Klogger_[m[K, "Kh·ªüi t·∫°o VirtualWallLayer...");
[2.313s]       |                 [01;31m[K^~~~~~~[m[K
[2.313s] [01m[K/home/khanh247/software_simulation/turtlebot3_ws/src/plu_virtual_wall/src/virtual_wall_layer.cpp:23:5:[m[K [01;31m[Kerror: [m[Ktemplate argument 1 is invalid
[2.313s]    23 |     [01;31m[KRCLCPP_INFO[m[K(logger_, "Kh·ªüi t·∫°o VirtualWallLayer...");
[2.313s]       |     [01;31m[K^~~~~~~~~~~[m[K
[2.313s] [01m[K/home/khanh247/software_simulation/turtlebot3_ws/src/plu_virtual_wall/src/virtual_wall_layer.cpp:23:5:[m[K [01;31m[Kerror: [m[Ktemplate argument 1 is invalid
[2.313s]    23 |     [01;31m[KRCLCPP_INFO[m[K(logger_, "Kh·ªüi t·∫°o VirtualWallLayer...");
[2.313s]       |     [01;31m[K^~~~~~~~~~~[m[K
[2.313s] [01m[K/home/khanh247/software_simulation/turtlebot3_ws/src/plu_virtual_wall/src/virtual_wall_layer.cpp:23:5:[m[K [01;31m[Kerror: [m[Ktemplate argument 1 is invalid
[2.313s]    23 |     [01;31m[KRCLCPP_INFO[m[K(logger_, "Kh·ªüi t·∫°o VirtualWallLayer...");
[2.313s]       |     [01;31m[K^~~~~~~~~~~[m[K
[2.317s] [01m[K/home/khanh247/software_simulation/turtlebot3_ws/src/plu_virtual_wall/src/virtual_wall_layer.cpp:25:17:[m[K [01;31m[Kerror: [m[K‚Äò[01m[Knode_[m[K‚Äô was not declared in this scope; did you mean ‚Äò[01m[Knode[m[K‚Äô?
[2.318s]    25 |     auto node = [01;31m[Knode_[m[K.lock();
[2.318s]       |                 [01;31m[K^~~~~[m[K
[2.318s]       |                 [32m[Knode[m[K
[2.324s] In file included from [01m[K/opt/ros/humble/include/rclcpp/rclcpp/client.hpp:40[m[K,
[2.324s]                  from [01m[K/opt/ros/humble/include/rclcpp/rclcpp/callback_group.hpp:24[m[K,
[2.324s]                  from [01m[K/opt/ros/humble/include/rclcpp/rclcpp/any_executable.hpp:20[m[K,
[2.324s]                  from [01m[K/opt/ros/humble/include/rclcpp/rclcpp/memory_strategy.hpp:25[m[K,
[2.324s]                  from [01m[K/opt/ros/humble/include/rclcpp/rclcpp/memory_strategies.hpp:18[m[K,
[2.324s]                  from [01m[K/opt/ros/humble/include/rclcpp/rclcpp/executor_options.hpp:20[m[K,
[2.324s]                  from [01m[K/opt/ros/humble/include/rclcpp/rclcpp/executor.hpp:37[m[K,
[2.325s]                  from [01m[K/opt/ros/humble/include/rclcpp/rclcpp/executors/multi_threaded_executor.hpp:25[m[K,
[2.325s]                  from [01m[K/opt/ros/humble/include/rclcpp/rclcpp/executors.hpp:21[m[K,
[2.325s]                  from [01m[K/opt/ros/humble/include/rclcpp/rclcpp/rclcpp.hpp:155[m[K,
[2.325s]                  from [01m[K/home/khanh247/software_simulation/turtlebot3_ws/src/plu_virtual_wall/include/plu_virtual_wall/virtual_wall_layer.hpp:4[m[K,
[2.325s]                  from [01m[K/home/khanh247/software_simulation/turtlebot3_ws/src/plu_virtual_wall/src/virtual_wall_layer.cpp:1[m[K:
[2.325s] [01m[K/home/khanh247/software_simulation/turtlebot3_ws/src/plu_virtual_wall/src/virtual_wall_layer.cpp:28:22:[m[K [01;31m[Kerror: [m[K‚Äò[01m[Klogger_[m[K‚Äô was not declared in this scope
[2.325s]    28 |         RCLCPP_ERROR([01;31m[Klogger_[m[K, "Failed to lock node");
[2.325s]       |                      [01;31m[K^~~~~~~[m[K
[2.325s] [01m[K/home/khanh247/software_simulation/turtlebot3_ws/src/plu_virtual_wall/src/virtual_wall_layer.cpp:28:9:[m[K [01;31m[Kerror: [m[Ktemplate argument 1 is invalid
[2.325s]    28 |         [01;31m[KRCLCPP_ERROR[m[K(logger_, "Failed to lock node");
[2.325s]       |         [01;31m[K^~~~~~~~~~~~[m[K
[2.325s] [01m[K/home/khanh247/software_simulation/turtlebot3_ws/src/plu_virtual_wall/src/virtual_wall_layer.cpp:28:9:[m[K [01;31m[Kerror: [m[Ktemplate argument 1 is invalid
[2.325s]    28 |         [01;31m[KRCLCPP_ERROR[m[K(logger_, "Failed to lock node");
[2.325s]       |         [01;31m[K^~~~~~~~~~~~[m[K
[2.325s] [01m[K/home/khanh247/software_simulation/turtlebot3_ws/src/plu_virtual_wall/src/virtual_wall_layer.cpp:28:9:[m[K [01;31m[Kerror: [m[Ktemplate argument 1 is invalid
[2.325s]    28 |         [01;31m[KRCLCPP_ERROR[m[K(logger_, "Failed to lock node");
[2.325s]       |         [01;31m[K^~~~~~~~~~~~[m[K
[2.333s] [01m[K/home/khanh247/software_simulation/turtlebot3_ws/src/plu_virtual_wall/src/virtual_wall_layer.cpp:40:22:[m[K [01;31m[Kerror: [m[K‚Äò[01m[Klogger_[m[K‚Äô was not declared in this scope
[2.333s]    40 |         RCLCPP_ERROR([01;31m[Klogger_[m[K, "Failed to get parameter 'virtual_wall_points'");
[2.333s]       |                      [01;31m[K^~~~~~~[m[K
[2.333s] [01m[K/home/khanh247/software_simulation/turtlebot3_ws/src/plu_virtual_wall/src/virtual_wall_layer.cpp:40:9:[m[K [01;31m[Kerror: [m[Ktemplate argument 1 is invalid
[2.333s]    40 |         [01;31m[KRCLCPP_ERROR[m[K(logger_, "Failed to get parameter 'virtual_wall_points'");
[2.333s]       |         [01;31m[K^~~~~~~~~~~~[m[K
[2.333s] [01m[K/home/khanh247/software_simulation/turtlebot3_ws/src/plu_virtual_wall/src/virtual_wall_layer.cpp:40:9:[m[K [01;31m[Kerror: [m[Ktemplate argument 1 is invalid
[2.333s]    40 |         [01;31m[KRCLCPP_ERROR[m[K(logger_, "Failed to get parameter 'virtual_wall_points'");
[2.333s]       |         [01;31m[K^~~~~~~~~~~~[m[K
[2.334s] [01m[K/home/khanh247/software_simulation/turtlebot3_ws/src/plu_virtual_wall/src/virtual_wall_layer.cpp:40:9:[m[K [01;31m[Kerror: [m[Ktemplate argument 1 is invalid
[2.334s]    40 |         [01;31m[KRCLCPP_ERROR[m[K(logger_, "Failed to get parameter 'virtual_wall_points'");
[2.334s]       |         [01;31m[K^~~~~~~~~~~~[m[K
[2.340s] [01m[K/home/khanh247/software_simulation/turtlebot3_ws/src/plu_virtual_wall/src/virtual_wall_layer.cpp:42:21:[m[K [01;31m[Kerror: [m[K‚Äò[01m[Klogger_[m[K‚Äô was not declared in this scope
[2.340s]    42 |         RCLCPP_INFO([01;31m[Klogger_[m[K, "Gi√° tr·ªã tham s·ªë 'virtual_wall_points': %s", points_yaml.c_str());
[2.340s]       |                     [01;31m[K^~~~~~~[m[K
[2.340s] [01m[K/home/khanh247/software_simulation/turtlebot3_ws/src/plu_virtual_wall/src/virtual_wall_layer.cpp:42:9:[m[K [01;31m[Kerror: [m[Ktemplate argument 1 is invalid
[2.340s]    42 |         [01;31m[KRCLCPP_INFO[m[K(logger_, "Gi√° tr·ªã tham s·ªë 'virtual_wall_points': %s", points_yaml.c_str());
[2.341s]       |         [01;31m[K^~~~~~~~~~~[m[K
[2.341s] [01m[K/home/khanh247/software_simulation/turtlebot3_ws/src/plu_virtual_wall/src/virtual_wall_layer.cpp:42:9:[m[K [01;31m[Kerror: [m[Ktemplate argument 1 is invalid
[2.341s]    42 |         [01;31m[KRCLCPP_INFO[m[K(logger_, "Gi√° tr·ªã tham s·ªë 'virtual_wall_points': %s", points_yaml.c_str());
[2.341s]       |         [01;31m[K^~~~~~~~~~~[m[K
[2.341s] [01m[K/home/khanh247/software_simulation/turtlebot3_ws/src/plu_virtual_wall/src/virtual_wall_layer.cpp:42:9:[m[K [01;31m[Kerror: [m[Ktemplate argument 1 is invalid
[2.341s]    42 |         [01;31m[KRCLCPP_INFO[m[K(logger_, "Gi√° tr·ªã tham s·ªë 'virtual_wall_points': %s", points_yaml.c_str());
[2.341s]       |         [01;31m[K^~~~~~~~~~~[m[K
[2.346s] [01m[K/home/khanh247/software_simulation/turtlebot3_ws/src/plu_virtual_wall/src/virtual_wall_layer.cpp:46:22:[m[K [01;31m[Kerror: [m[K‚Äò[01m[Klogger_[m[K‚Äô was not declared in this scope
[2.346s]    46 |         RCLCPP_ERROR([01;31m[Klogger_[m[K, "Failed to get parameter 'global_frame'");
[2.346s]       |                      [01;31m[K^~~~~~~[m[K
[2.346s] [01m[K/home/khanh247/software_simulation/turtlebot3_ws/src/plu_virtual_wall/src/virtual_wall_layer.cpp:46:9:[m[K [01;31m[Kerror: [m[Ktemplate argument 1 is invalid
[2.346s]    46 |         [01;31m[KRCLCPP_ERROR[m[K(logger_, "Failed to get parameter 'global_frame'");
[2.346s]       |         [01;31m[K^~~~~~~~~~~~[m[K
[2.346s] [01m[K/home/khanh247/software_simulation/turtlebot3_ws/src/plu_virtual_wall/src/virtual_wall_layer.cpp:46:9:[m[K [01;31m[Kerror: [m[Ktemplate argument 1 is invalid
[2.346s]    46 |         [01;31m[KRCLCPP_ERROR[m[K(logger_, "Failed to get parameter 'global_frame'");
[2.346s]       |         [01;31m[K^~~~~~~~~~~~[m[K
[2.347s] [01m[K/home/khanh247/software_simulation/turtlebot3_ws/src/plu_virtual_wall/src/virtual_wall_layer.cpp:46:9:[m[K [01;31m[Kerror: [m[Ktemplate argument 1 is invalid
[2.347s]    46 |         [01;31m[KRCLCPP_ERROR[m[K(logger_, "Failed to get parameter 'global_frame'");
[2.347s]       |         [01;31m[K^~~~~~~~~~~~[m[K
[2.353s] [01m[K/home/khanh247/software_simulation/turtlebot3_ws/src/plu_virtual_wall/src/virtual_wall_layer.cpp:49:21:[m[K [01;31m[Kerror: [m[K‚Äò[01m[Klogger_[m[K‚Äô was not declared in this scope
[2.353s]    49 |         RCLCPP_INFO([01;31m[Klogger_[m[K, "Gi√° tr·ªã tham s·ªë 'global_frame': %s", global_frame_.c_str());
[2.353s]       |                     [01;31m[K^~~~~~~[m[K
[2.353s] [01m[K/home/khanh247/software_simulation/turtlebot3_ws/src/plu_virtual_wall/src/virtual_wall_layer.cpp:49:9:[m[K [01;31m[Kerror: [m[Ktemplate argument 1 is invalid
[2.353s]    49 |         [01;31m[KRCLCPP_INFO[m[K(logger_, "Gi√° tr·ªã tham s·ªë 'global_frame': %s", global_frame_.c_str());
[2.353s]       |         [01;31m[K^~~~~~~~~~~[m[K
[2.353s] [01m[K/home/khanh247/software_simulation/turtlebot3_ws/src/plu_virtual_wall/src/virtual_wall_layer.cpp:49:9:[m[K [01;31m[Kerror: [m[Ktemplate argument 1 is invalid
[2.353s]    49 |         [01;31m[KRCLCPP_INFO[m[K(logger_, "Gi√° tr·ªã tham s·ªë 'global_frame': %s", global_frame_.c_str());
[2.353s]       |         [01;31m[K^~~~~~~~~~~[m[K
[2.353s] [01m[K/home/khanh247/software_simulation/turtlebot3_ws/src/plu_virtual_wall/src/virtual_wall_layer.cpp:49:9:[m[K [01;31m[Kerror: [m[Ktemplate argument 1 is invalid
[2.353s]    49 |         [01;31m[KRCLCPP_INFO[m[K(logger_, "Gi√° tr·ªã tham s·ªë 'global_frame': %s", global_frame_.c_str());
[2.353s]       |         [01;31m[K^~~~~~~~~~~[m[K
[2.357s] [01m[K/home/khanh247/software_simulation/turtlebot3_ws/src/plu_virtual_wall/src/virtual_wall_layer.cpp:58:22:[m[K [01;31m[Kerror: [m[K‚Äò[01m[Klogger_[m[K‚Äô was not declared in this scope
[2.357s]    58 |         RCLCPP_ERROR([01;31m[Klogger_[m[K, "Parameter 'virtual_wall_points' is empty");
[2.357s]       |                      [01;31m[K^~~~~~~[m[K
[2.357s] [01m[K/home/khanh247/software_simulation/turtlebot3_ws/src/plu_virtual_wall/src/virtual_wall_layer.cpp:58:9:[m[K [01;31m[Kerror: [m[Ktemplate argument 1 is invalid
[2.357s]    58 |         [01;31m[KRCLCPP_ERROR[m[K(logger_, "Parameter 'virtual_wall_points' is empty");
[2.357s]       |         [01;31m[K^~~~~~~~~~~~[m[K
[2.357s] [01m[K/home/khanh247/software_simulation/turtlebot3_ws/src/plu_virtual_wall/src/virtual_wall_layer.cpp:58:9:[m[K [01;31m[Kerror: [m[Ktemplate argument 1 is invalid
[2.357s]    58 |         [01;31m[KRCLCPP_ERROR[m[K(logger_, "Parameter 'virtual_wall_points' is empty");
[2.358s]       |         [01;31m[K^~~~~~~~~~~~[m[K
[2.358s] [01m[K/home/khanh247/software_simulation/turtlebot3_ws/src/plu_virtual_wall/src/virtual_wall_layer.cpp:58:9:[m[K [01;31m[Kerror: [m[Ktemplate argument 1 is invalid
[2.358s]    58 |         [01;31m[KRCLCPP_ERROR[m[K(logger_, "Parameter 'virtual_wall_points' is empty");
[2.358s]       |         [01;31m[K^~~~~~~~~~~~[m[K
[2.361s] [01m[K/home/khanh247/software_simulation/turtlebot3_ws/src/plu_virtual_wall/src/virtual_wall_layer.cpp:[m[K In member function ‚Äò[01m[Kvoid virtual_wall_ros2::VirtualWallLayer::loadVirtualWallPoints(const string&)[m[K‚Äô:
[2.362s] [01m[K/home/khanh247/software_simulation/turtlebot3_ws/src/plu_virtual_wall/src/virtual_wall_layer.cpp:64:17:[m[K [01;31m[Kerror: [m[K‚Äò[01m[Klogger_[m[K‚Äô was not declared in this scope
[2.362s]    64 |     RCLCPP_INFO([01;31m[Klogger_[m[K, "T·∫£i c√°c ƒëi·ªÉm t∆∞·ªùng ·∫£o t·ª´ t·ªáp: %s", filename.c_str());
[2.362s]       |                 [01;31m[K^~~~~~~[m[K
[2.362s] [01m[K/home/khanh247/software_simulation/turtlebot3_ws/src/plu_virtual_wall/src/virtual_wall_layer.cpp:64:5:[m[K [01;31m[Kerror: [m[Ktemplate argument 1 is invalid
[2.362s]    64 |     [01;31m[KRCLCPP_INFO[m[K(logger_, "T·∫£i c√°c ƒëi·ªÉm t∆∞·ªùng ·∫£o t·ª´ t·ªáp: %s", filename.c_str());
[2.362s]       |     [01;31m[K^~~~~~~~~~~[m[K
[2.362s] [01m[K/home/khanh247/software_simulation/turtlebot3_ws/src/plu_virtual_wall/src/virtual_wall_layer.cpp:64:5:[m[K [01;31m[Kerror: [m[Ktemplate argument 1 is invalid
[2.362s]    64 |     [01;31m[KRCLCPP_INFO[m[K(logger_, "T·∫£i c√°c ƒëi·ªÉm t∆∞·ªùng ·∫£o t·ª´ t·ªáp: %s", filename.c_str());
[2.362s]       |     [01;31m[K^~~~~~~~~~~[m[K
[2.362s] [01m[K/home/khanh247/software_simulation/turtlebot3_ws/src/plu_virtual_wall/src/virtual_wall_layer.cpp:64:5:[m[K [01;31m[Kerror: [m[Ktemplate argument 1 is invalid
[2.362s]    64 |     [01;31m[KRCLCPP_INFO[m[K(logger_, "T·∫£i c√°c ƒëi·ªÉm t∆∞·ªùng ·∫£o t·ª´ t·ªáp: %s", filename.c_str());
[2.362s]       |     [01;31m[K^~~~~~~~~~~[m[K
[2.366s] [01m[K/home/khanh247/software_simulation/turtlebot3_ws/src/plu_virtual_wall/src/virtual_wall_layer.cpp:75:25:[m[K [01;31m[Kerror: [m[K‚Äò[01m[Klogger_[m[K‚Äô was not declared in this scope
[2.366s]    75 |             RCLCPP_INFO([01;31m[Klogger_[m[K, "ƒê√£ t·∫£i ƒëi·ªÉm: (%f, %f, %f)", p.x, p.y, p.z);
[2.366s]       |                         [01;31m[K^~~~~~~[m[K
[2.366s] [01m[K/home/khanh247/software_simulation/turtlebot3_ws/src/plu_virtual_wall/src/virtual_wall_layer.cpp:75:13:[m[K [01;31m[Kerror: [m[Ktemplate argument 1 is invalid
[2.366s]    75 |             [01;31m[KRCLCPP_INFO[m[K(logger_, "ƒê√£ t·∫£i ƒëi·ªÉm: (%f, %f, %f)", p.x, p.y, p.z);
[2.366s]       |             [01;31m[K^~~~~~~~~~~[m[K
[2.366s] [01m[K/home/khanh247/software_simulation/turtlebot3_ws/src/plu_virtual_wall/src/virtual_wall_layer.cpp:75:13:[m[K [01;31m[Kerror: [m[Ktemplate argument 1 is invalid
[2.367s]    75 |             [01;31m[KRCLCPP_INFO[m[K(logger_, "ƒê√£ t·∫£i ƒëi·ªÉm: (%f, %f, %f)", p.x, p.y, p.z);
[2.367s]       |             [01;31m[K^~~~~~~~~~~[m[K
[2.367s] [01m[K/home/khanh247/software_simulation/turtlebot3_ws/src/plu_virtual_wall/src/virtual_wall_layer.cpp:75:13:[m[K [01;31m[Kerror: [m[Ktemplate argument 1 is invalid
[2.367s]    75 |             [01;31m[KRCLCPP_INFO[m[K(logger_, "ƒê√£ t·∫£i ƒëi·ªÉm: (%f, %f, %f)", p.x, p.y, p.z);
[2.367s]       |             [01;31m[K^~~~~~~~~~~[m[K
[2.370s] [01m[K/home/khanh247/software_simulation/turtlebot3_ws/src/plu_virtual_wall/src/virtual_wall_layer.cpp:80:22:[m[K [01;31m[Kerror: [m[K‚Äò[01m[Klogger_[m[K‚Äô was not declared in this scope
[2.370s]    80 |         RCLCPP_ERROR([01;31m[Klogger_[m[K, "Failed to load virtual wall points: %s", e.what());
[2.370s]       |                      [01;31m[K^~~~~~~[m[K
[2.370s] [01m[K/home/khanh247/software_simulation/turtlebot3_ws/src/plu_virtual_wall/src/virtual_wall_layer.cpp:80:9:[m[K [01;31m[Kerror: [m[Ktemplate argument 1 is invalid
[2.370s]    80 |         [01;31m[KRCLCPP_ERROR[m[K(logger_, "Failed to load virtual wall points: %s", e.what());
[2.371s]       |         [01;31m[K^~~~~~~~~~~~[m[K
[2.371s] [01m[K/home/khanh247/software_simulation/turtlebot3_ws/src/plu_virtual_wall/src/virtual_wall_layer.cpp:80:9:[m[K [01;31m[Kerror: [m[Ktemplate argument 1 is invalid
[2.371s]    80 |         [01;31m[KRCLCPP_ERROR[m[K(logger_, "Failed to load virtual wall points: %s", e.what());
[2.371s]       |         [01;31m[K^~~~~~~~~~~~[m[K
[2.371s] [01m[K/home/khanh247/software_simulation/turtlebot3_ws/src/plu_virtual_wall/src/virtual_wall_layer.cpp:80:9:[m[K [01;31m[Kerror: [m[Ktemplate argument 1 is invalid
[2.371s]    80 |         [01;31m[KRCLCPP_ERROR[m[K(logger_, "Failed to load virtual wall points: %s", e.what());
[2.371s]       |         [01;31m[K^~~~~~~~~~~~[m[K
[2.375s] [01m[K/home/khanh247/software_simulation/turtlebot3_ws/src/plu_virtual_wall/src/virtual_wall_layer.cpp:[m[K In member function ‚Äò[01m[Kvirtual void virtual_wall_ros2::VirtualWallLayer::updateBounds(double, double, double, double*, double*, double*, double*)[m[K‚Äô:
[2.375s] [01m[K/home/khanh247/software_simulation/turtlebot3_ws/src/plu_virtual_wall/src/virtual_wall_layer.cpp:86:17:[m[K [01;31m[Kerror: [m[K‚Äò[01m[Klogger_[m[K‚Äô was not declared in this scope
[2.375s]    86 |     RCLCPP_INFO([01;31m[Klogger_[m[K, "C·∫≠p nh·∫≠t bi√™n...");
[2.375s]       |                 [01;31m[K^~~~~~~[m[K
[2.375s] [01m[K/home/khanh247/software_simulation/turtlebot3_ws/src/plu_virtual_wall/src/virtual_wall_layer.cpp:86:5:[m[K [01;31m[Kerror: [m[Ktemplate argument 1 is invalid
[2.375s]    86 |     [01;31m[KRCLCPP_INFO[m[K(logger_, "C·∫≠p nh·∫≠t bi√™n...");
[2.375s]       |     [01;31m[K^~~~~~~~~~~[m[K
[2.375s] [01m[K/home/khanh247/software_simulation/turtlebot3_ws/src/plu_virtual_wall/src/virtual_wall_layer.cpp:86:5:[m[K [01;31m[Kerror: [m[Ktemplate argument 1 is invalid
[2.375s]    86 |     [01;31m[KRCLCPP_INFO[m[K(logger_, "C·∫≠p nh·∫≠t bi√™n...");
[2.375s]       |     [01;31m[K^~~~~~~~~~~[m[K
[2.375s] [01m[K/home/khanh247/software_simulation/turtlebot3_ws/src/plu_virtual_wall/src/virtual_wall_layer.cpp:86:5:[m[K [01;31m[Kerror: [m[Ktemplate argument 1 is invalid
[2.375s]    86 |     [01;31m[KRCLCPP_INFO[m[K(logger_, "C·∫≠p nh·∫≠t bi√™n...");
[2.375s]       |     [01;31m[K^~~~~~~~~~~[m[K
[2.380s] [01m[K/home/khanh247/software_simulation/turtlebot3_ws/src/plu_virtual_wall/src/virtual_wall_layer.cpp:94:17:[m[K [01;31m[Kerror: [m[K‚Äò[01m[Klogger_[m[K‚Äô was not declared in this scope
[2.380s]    94 |     RCLCPP_INFO([01;31m[Klogger_[m[K, "Bi√™n c·∫≠p nh·∫≠t: min_x = %f, min_y = %f, max_x = %f, max_y = %f", *min_x, *min_y, *max_x, *max_y);
[2.380s]       |                 [01;31m[K^~~~~~~[m[K
[2.380s] [01m[K/home/khanh247/software_simulation/turtlebot3_ws/src/plu_virtual_wall/src/virtual_wall_layer.cpp:94:5:[m[K [01;31m[Kerror: [m[Ktemplate argument 1 is invalid
[2.380s]    94 |     [01;31m[KRCLCPP_INFO[m[K(logger_, "Bi√™n c·∫≠p nh·∫≠t: min_x = %f, min_y = %f, max_x = %f, max_y = %f", *min_x, *min_y, *max_x, *max_y);
[2.380s]       |     [01;31m[K^~~~~~~~~~~[m[K
[2.380s] [01m[K/home/khanh247/software_simulation/turtlebot3_ws/src/plu_virtual_wall/src/virtual_wall_layer.cpp:94:5:[m[K [01;31m[Kerror: [m[Ktemplate argument 1 is invalid
[2.380s]    94 |     [01;31m[KRCLCPP_INFO[m[K(logger_, "Bi√™n c·∫≠p nh·∫≠t: min_x = %f, min_y = %f, max_x = %f, max_y = %f", *min_x, *min_y, *max_x, *max_y);
[2.380s]       |     [01;31m[K^~~~~~~~~~~[m[K
[2.380s] [01m[K/home/khanh247/software_simulation/turtlebot3_ws/src/plu_virtual_wall/src/virtual_wall_layer.cpp:94:5:[m[K [01;31m[Kerror: [m[Ktemplate argument 1 is invalid
[2.380s]    94 |     [01;31m[KRCLCPP_INFO[m[K(logger_, "Bi√™n c·∫≠p nh·∫≠t: min_x = %f, min_y = %f, max_x = %f, max_y = %f", *min_x, *min_y, *max_x, *max_y);
[2.380s]       |     [01;31m[K^~~~~~~~~~~[m[K
[2.388s] [01m[K/home/khanh247/software_simulation/turtlebot3_ws/src/plu_virtual_wall/src/virtual_wall_layer.cpp:[m[K In member function ‚Äò[01m[Kvirtual void virtual_wall_ros2::VirtualWallLayer::updateCosts(nav2_costmap_2d::Costmap2D&, int, int, int, int)[m[K‚Äô:
[2.388s] [01m[K/home/khanh247/software_simulation/turtlebot3_ws/src/plu_virtual_wall/src/virtual_wall_layer.cpp:99:17:[m[K [01;31m[Kerror: [m[K‚Äò[01m[Klogger_[m[K‚Äô was not declared in this scope
[2.388s]    99 |     RCLCPP_INFO([01;31m[Klogger_[m[K, "C·∫≠p nh·∫≠t chi ph√≠...");
[2.388s]       |                 [01;31m[K^~~~~~~[m[K
[2.388s] [01m[K/home/khanh247/software_simulation/turtlebot3_ws/src/plu_virtual_wall/src/virtual_wall_layer.cpp:99:5:[m[K [01;31m[Kerror: [m[Ktemplate argument 1 is invalid
[2.389s]    99 |     [01;31m[KRCLCPP_INFO[m[K(logger_, "C·∫≠p nh·∫≠t chi ph√≠...");
[2.389s]       |     [01;31m[K^~~~~~~~~~~[m[K
[2.389s] [01m[K/home/khanh247/software_simulation/turtlebot3_ws/src/plu_virtual_wall/src/virtual_wall_layer.cpp:99:5:[m[K [01;31m[Kerror: [m[Ktemplate argument 1 is invalid
[2.389s]    99 |     [01;31m[KRCLCPP_INFO[m[K(logger_, "C·∫≠p nh·∫≠t chi ph√≠...");
[2.389s]       |     [01;31m[K^~~~~~~~~~~[m[K
[2.389s] [01m[K/home/khanh247/software_simulation/turtlebot3_ws/src/plu_virtual_wall/src/virtual_wall_layer.cpp:99:5:[m[K [01;31m[Kerror: [m[Ktemplate argument 1 is invalid
[2.389s]    99 |     [01;31m[KRCLCPP_INFO[m[K(logger_, "C·∫≠p nh·∫≠t chi ph√≠...");
[2.389s]       |     [01;31m[K^~~~~~~~~~~[m[K
[2.393s] [01m[K/home/khanh247/software_simulation/turtlebot3_ws/src/plu_virtual_wall/src/virtual_wall_layer.cpp:[m[K In member function ‚Äò[01m[Kvoid virtual_wall_ros2::VirtualWallLayer::markPolygonCells(nav2_costmap_2d::Costmap2D&, int, int, int, int)[m[K‚Äô:
[2.393s] [01m[K/home/khanh247/software_simulation/turtlebot3_ws/src/plu_virtual_wall/src/virtual_wall_layer.cpp:105:17:[m[K [01;31m[Kerror: [m[K‚Äò[01m[Klogger_[m[K‚Äô was not declared in this scope
[2.393s]   105 |     RCLCPP_INFO([01;31m[Klogger_[m[K, "ƒê√°nh d·∫•u c√°c √¥ trong v√πng t∆∞·ªùng ·∫£o...");
[2.393s]       |                 [01;31m[K^~~~~~~[m[K
[2.393s] [01m[K/home/khanh247/software_simulation/turtlebot3_ws/src/plu_virtual_wall/src/virtual_wall_layer.cpp:105:5:[m[K [01;31m[Kerror: [m[Ktemplate argument 1 is invalid
[2.393s]   105 |     [01;31m[KRCLCPP_INFO[m[K(logger_, "ƒê√°nh d·∫•u c√°c √¥ trong v√πng t∆∞·ªùng ·∫£o...");
[2.393s]       |     [01;31m[K^~~~~~~~~~~[m[K
[2.394s] [01m[K/home/khanh247/software_simulation/turtlebot3_ws/src/plu_virtual_wall/src/virtual_wall_layer.cpp:105:5:[m[K [01;31m[Kerror: [m[Ktemplate argument 1 is invalid
[2.394s]   105 |     [01;31m[KRCLCPP_INFO[m[K(logger_, "ƒê√°nh d·∫•u c√°c √¥ trong v√πng t∆∞·ªùng ·∫£o...");
[2.394s]       |     [01;31m[K^~~~~~~~~~~[m[K
[2.394s] [01m[K/home/khanh247/software_simulation/turtlebot3_ws/src/plu_virtual_wall/src/virtual_wall_layer.cpp:105:5:[m[K [01;31m[Kerror: [m[Ktemplate argument 1 is invalid
[2.394s]   105 |     [01;31m[KRCLCPP_INFO[m[K(logger_, "ƒê√°nh d·∫•u c√°c √¥ trong v√πng t∆∞·ªùng ·∫£o...");
[2.394s]       |     [01;31m[K^~~~~~~~~~~[m[K
[2.397s] [01m[K/home/khanh247/software_simulation/turtlebot3_ws/src/plu_virtual_wall/src/virtual_wall_layer.cpp:108:21:[m[K [01;31m[Kerror: [m[K‚Äò[01m[Klogger_[m[K‚Äô was not declared in this scope
[2.397s]   108 |         RCLCPP_WARN([01;31m[Klogger_[m[K, "Kh√¥ng ƒë·ªß ƒëi·ªÉm ƒë·ªÉ t·∫°o th√†nh m·ªôt ƒëa gi√°c");
[2.397s]       |                     [01;31m[K^~~~~~~[m[K
[2.397s] [01m[K/home/khanh247/software_simulation/turtlebot3_ws/src/plu_virtual_wall/src/virtual_wall_layer.cpp:108:9:[m[K [01;31m[Kerror: [m[Ktemplate argument 1 is invalid
[2.398s]   108 |         [01;31m[KRCLCPP_WARN[m[K(logger_, "Kh√¥ng ƒë·ªß ƒëi·ªÉm ƒë·ªÉ t·∫°o th√†nh m·ªôt ƒëa gi√°c");
[2.398s]       |         [01;31m[K^~~~~~~~~~~[m[K
[2.398s] [01m[K/home/khanh247/software_simulation/turtlebot3_ws/src/plu_virtual_wall/src/virtual_wall_layer.cpp:108:9:[m[K [01;31m[Kerror: [m[Ktemplate argument 1 is invalid
[2.398s]   108 |         [01;31m[KRCLCPP_WARN[m[K(logger_, "Kh√¥ng ƒë·ªß ƒëi·ªÉm ƒë·ªÉ t·∫°o th√†nh m·ªôt ƒëa gi√°c");
[2.398s]       |         [01;31m[K^~~~~~~~~~~[m[K
[2.398s] [01m[K/home/khanh247/software_simulation/turtlebot3_ws/src/plu_virtual_wall/src/virtual_wall_layer.cpp:108:9:[m[K [01;31m[Kerror: [m[Ktemplate argument 1 is invalid
[2.398s]   108 |         [01;31m[KRCLCPP_WARN[m[K(logger_, "Kh√¥ng ƒë·ªß ƒëi·ªÉm ƒë·ªÉ t·∫°o th√†nh m·ªôt ƒëa gi√°c");
[2.398s]       |         [01;31m[K^~~~~~~~~~~[m[K
[2.401s] [01m[K/home/khanh247/software_simulation/turtlebot3_ws/src/plu_virtual_wall/src/virtual_wall_layer.cpp:119:21:[m[K [01;31m[Kerror: [m[K‚Äò[01m[Klogger_[m[K‚Äô was not declared in this scope
[2.401s]   119 |         RCLCPP_WARN([01;31m[Klogger_[m[K, "Kh√¥ng th·ªÉ bi·∫øn ƒë·ªïi: %s", ex.what());
[2.402s]       |                     [01;31m[K^~~~~~~[m[K
[2.402s] [01m[K/home/khanh247/software_simulation/turtlebot3_ws/src/plu_virtual_wall/src/virtual_wall_layer.cpp:119:9:[m[K [01;31m[Kerror: [m[Ktemplate argument 1 is invalid
[2.402s]   119 |         [01;31m[KRCLCPP_WARN[m[K(logger_, "Kh√¥ng th·ªÉ bi·∫øn ƒë·ªïi: %s", ex.what());
[2.402s]       |         [01;31m[K^~~~~~~~~~~[m[K
[2.402s] [01m[K/home/khanh247/software_simulation/turtlebot3_ws/src/plu_virtual_wall/src/virtual_wall_layer.cpp:119:9:[m[K [01;31m[Kerror: [m[Ktemplate argument 1 is invalid
[2.402s]   119 |         [01;31m[KRCLCPP_WARN[m[K(logger_, "Kh√¥ng th·ªÉ bi·∫øn ƒë·ªïi: %s", ex.what());
[2.402s]       |         [01;31m[K^~~~~~~~~~~[m[K
[2.402s] [01m[K/home/khanh247/software_simulation/turtlebot3_ws/src/plu_virtual_wall/src/virtual_wall_layer.cpp:119:9:[m[K [01;31m[Kerror: [m[Ktemplate argument 1 is invalid
[2.402s]   119 |         [01;31m[KRCLCPP_WARN[m[K(logger_, "Kh√¥ng th·ªÉ bi·∫øn ƒë·ªïi: %s", ex.what());
[2.402s]       |         [01;31m[K^~~~~~~~~~~[m[K
[2.405s] [01m[K/home/khanh247/software_simulation/turtlebot3_ws/src/plu_virtual_wall/src/virtual_wall_layer.cpp:123:17:[m[K [01;31m[Kerror: [m[K‚Äò[01m[Klogger_[m[K‚Äô was not declared in this scope
[2.405s]   123 |     RCLCPP_INFO([01;31m[Klogger_[m[K, "ƒê√£ nh·∫≠n ƒë∆∞·ª£c bi·∫øn ƒë·ªïi");
[2.405s]       |                 [01;31m[K^~~~~~~[m[K
[2.406s] [01m[K/home/khanh247/software_simulation/turtlebot3_ws/src/plu_virtual_wall/src/virtual_wall_layer.cpp:123:5:[m[K [01;31m[Kerror: [m[Ktemplate argument 1 is invalid
[2.406s]   123 |     [01;31m[KRCLCPP_INFO[m[K(logger_, "ƒê√£ nh·∫≠n ƒë∆∞·ª£c bi·∫øn ƒë·ªïi");
[2.406s]       |     [01;31m[K^~~~~~~~~~~[m[K
[2.406s] [01m[K/home/khanh247/software_simulation/turtlebot3_ws/src/plu_virtual_wall/src/virtual_wall_layer.cpp:123:5:[m[K [01;31m[Kerror: [m[Ktemplate argument 1 is invalid
[2.406s]   123 |     [01;31m[KRCLCPP_INFO[m[K(logger_, "ƒê√£ nh·∫≠n ƒë∆∞·ª£c bi·∫øn ƒë·ªïi");
[2.406s]       |     [01;31m[K^~~~~~~~~~~[m[K
[2.406s] [01m[K/home/khanh247/software_simulation/turtlebot3_ws/src/plu_virtual_wall/src/virtual_wall_layer.cpp:123:5:[m[K [01;31m[Kerror: [m[Ktemplate argument 1 is invalid
[2.406s]   123 |     [01;31m[KRCLCPP_INFO[m[K(logger_, "ƒê√£ nh·∫≠n ƒë∆∞·ª£c bi·∫øn ƒë·ªïi");
[2.406s]       |     [01;31m[K^~~~~~~~~~~[m[K
[2.406s] [01m[K/home/khanh247/software_simulation/turtlebot3_ws/src/plu_virtual_wall/src/virtual_wall_layer.cpp:125:38:[m[K [01;35m[Kwarning: [m[Kcomparison of integer expressions of different signedness: ‚Äò[01m[Kunsigned int[m[K‚Äô and ‚Äò[01m[Kint[m[K‚Äô [[01;35m[K]8;;https://gcc.gnu.org/onlinedocs/gcc/Warning-Options.html#index-Wsign-compare-Wsign-compare]8;;[m[K]
[2.406s]   125 |     for (unsigned int mx = min_i; [01;35m[Kmx < max_i[m[K; mx++)
[2.406s]       |                                   [01;35m[K~~~^~~~~~~[m[K
[2.406s] [01m[K/home/khanh247/software_simulation/turtlebot3_ws/src/plu_virtual_wall/src/virtual_wall_layer.cpp:127:42:[m[K [01;35m[Kwarning: [m[Kcomparison of integer expressions of different signedness: ‚Äò[01m[Kunsigned int[m[K‚Äô and ‚Äò[01m[Kint[m[K‚Äô [[01;35m[K]8;;https://gcc.gnu.org/onlinedocs/gcc/Warning-Options.html#index-Wsign-compare-Wsign-compare]8;;[m[K]
[2.406s]   127 |         for (unsigned int my = min_j; [01;35m[Kmy < max_j[m[K; my++)
[2.406s]       |                                       [01;35m[K~~~^~~~~~~[m[K
[2.410s] In file included from [01m[K/opt/ros/humble/include/rclcpp/rclcpp/client.hpp:40[m[K,
[2.410s]                  from [01m[K/opt/ros/humble/include/rclcpp/rclcpp/callback_group.hpp:24[m[K,
[2.410s]                  from [01m[K/opt/ros/humble/include/rclcpp/rclcpp/any_executable.hpp:20[m[K,
[2.410s]                  from [01m[K/opt/ros/humble/include/rclcpp/rclcpp/memory_strategy.hpp:25[m[K,
[2.410s]                  from [01m[K/opt/ros/humble/include/rclcpp/rclcpp/memory_strategies.hpp:18[m[K,
[2.410s]                  from [01m[K/opt/ros/humble/include/rclcpp/rclcpp/executor_options.hpp:20[m[K,
[2.410s]                  from [01m[K/opt/ros/humble/include/rclcpp/rclcpp/executor.hpp:37[m[K,
[2.410s]                  from [01m[K/opt/ros/humble/include/rclcpp/rclcpp/executors/multi_threaded_executor.hpp:25[m[K,
[2.410s]                  from [01m[K/opt/ros/humble/include/rclcpp/rclcpp/executors.hpp:21[m[K,
[2.410s]                  from [01m[K/opt/ros/humble/include/rclcpp/rclcpp/rclcpp.hpp:155[m[K,
[2.410s]                  from [01m[K/home/khanh247/software_simulation/turtlebot3_ws/src/plu_virtual_wall/include/plu_virtual_wall/virtual_wall_layer.hpp:4[m[K,
[2.410s]                  from [01m[K/home/khanh247/software_simulation/turtlebot3_ws/src/plu_virtual_wall/src/virtual_wall_layer.cpp:1[m[K:
[2.410s] [01m[K/home/khanh247/software_simulation/turtlebot3_ws/src/plu_virtual_wall/src/virtual_wall_layer.cpp:142:29:[m[K [01;31m[Kerror: [m[K‚Äò[01m[Klogger_[m[K‚Äô was not declared in this scope
[2.410s]   142 |                 RCLCPP_INFO([01;31m[Klogger_[m[K, "ƒê·∫∑t chi ph√≠ t·∫°i (%f, %f)", point_out.point.x, point_out.point.y);
[2.410s]       |                             [01;31m[K^~~~~~~[m[K
[2.410s] [01m[K/home/khanh247/software_simulation/turtlebot3_ws/src/plu_virtual_wall/src/virtual_wall_layer.cpp:142:17:[m[K [01;31m[Kerror: [m[Ktemplate argument 1 is invalid
[2.410s]   142 |                 [01;31m[KRCLCPP_INFO[m[K(logger_, "ƒê·∫∑t chi ph√≠ t·∫°i (%f, %f)", point_out.point.x, point_out.point.y);
[2.410s]       |                 [01;31m[K^~~~~~~~~~~[m[K
[2.410s] [01m[K/home/khanh247/software_simulation/turtlebot3_ws/src/plu_virtual_wall/src/virtual_wall_layer.cpp:142:17:[m[K [01;31m[Kerror: [m[Ktemplate argument 1 is invalid
[2.410s]   142 |                 [01;31m[KRCLCPP_INFO[m[K(logger_, "ƒê·∫∑t chi ph√≠ t·∫°i (%f, %f)", point_out.point.x, point_out.point.y);
[2.411s]       |                 [01;31m[K^~~~~~~~~~~[m[K
[2.411s] [01m[K/home/khanh247/software_simulation/turtlebot3_ws/src/plu_virtual_wall/src/virtual_wall_layer.cpp:142:17:[m[K [01;31m[Kerror: [m[Ktemplate argument 1 is invalid
[2.411s]   142 |                 [01;31m[KRCLCPP_INFO[m[K(logger_, "ƒê·∫∑t chi ph√≠ t·∫°i (%f, %f)", point_out.point.x, point_out.point.y);
[2.411s]       |                 [01;31m[K^~~~~~~~~~~[m[K
[2.819s] In file included from [01m[K/opt/ros/humble/include/class_loader/class_loader/class_loader_core.hpp:57[m[K,
[2.819s]                  from [01m[K/opt/ros/humble/include/class_loader/class_loader/class_loader.hpp:55[m[K,
[2.819s]                  from [01m[K/opt/ros/humble/include/pluginlib/pluginlib/class_list_macros.hpp:40[m[K,
[2.819s]                  from [01m[K/home/khanh247/software_simulation/turtlebot3_ws/src/plu_virtual_wall/include/plu_virtual_wall/virtual_wall_layer.hpp:7[m[K,
[2.819s]                  from [01m[K/home/khanh247/software_simulation/turtlebot3_ws/src/plu_virtual_wall/src/virtual_wall_layer.cpp:1[m[K:
[2.819s] /opt/ros/humble/include/class_loader/class_loader/meta_object.hpp: In instantiation of ‚Äò[01m[KB* class_loader::impl::MetaObject<C, B>::create() const [with C = virtual_wall_ros2::VirtualWallLayer; B = nav2_costmap_2d::Layer][m[K‚Äô:
[2.819s] [01m[K/opt/ros/humble/include/class_loader/class_loader/meta_object.hpp:216:7:[m[K   required from here
[2.820s] [01m[K/opt/ros/humble/include/class_loader/class_loader/meta_object.hpp:218:16:[m[K [01;31m[Kerror: [m[Kcannot convert ‚Äò[01m[Kvirtual_wall_ros2::VirtualWallLayer*[m[K‚Äô to ‚Äò[01m[Knav2_costmap_2d::Layer*[m[K‚Äô in return
[2.820s]   218 |     return new [01;31m[KC[m[K;
[2.820s]       |                [01;31m[K^[m[K
[2.892s] gmake[2]: *** [CMakeFiles/plu_virtual_wall.dir/build.make:76: CMakeFiles/plu_virtual_wall.dir/src/virtual_wall_layer.cpp.o] Error 1
[2.892s] gmake[1]: *** [CMakeFiles/Makefile2:139: CMakeFiles/plu_virtual_wall.dir/all] Error 2
[2.893s] gmake: *** [Makefile:146: all] Error 2
[2.895s] Invoked command in '/home/khanh247/software_simulation/turtlebot3_ws/build/plu_virtual_wall' returned '2': CMAKE_PREFIX_PATH=/home/khanh247/software_simulation/turtlebot3_ws/install/nav2_costmap_2d:/home/khanh247/software_simulation/turtlebot3_ws/install/nav2_map_server:/home/khanh247/software_simulation/turtlebot3_ws/install/nav2_lifecycle_manager:/home/khanh247/software_simulation/turtlebot3_ws/install/nav2_util:/home/khanh247/software_simulation/turtlebot3_ws/install/nav2_voxel_grid:/home/khanh247/software_simulation/turtlebot3_ws/install/nav2_msgs:/home/khanh247/software_simulation/turtlebot3_ws/install/nav2_common:/home/khanh247/software_simulation/turtlebot3_ws/install/virtual_wall_ros2:/home/khanh247/software_simulation/turtlebot3_ws/install/virtual_wall:/home/khanh247/software_simulation/turtlebot3_ws/install/tutorial_interfaces:/home/khanh247/software_simulation/turtlebot3_ws/install/turtlebot3:/home/khanh247/software_simulation/turtlebot3_ws/install/turtlebot3_simulations:/home/khanh247/software_simulation/turtlebot3_ws/install/turtlebot3_bringup:/home/khanh247/software_simulation/turtlebot3_ws/install/turtlebot3_node:/home/khanh247/software_simulation/turtlebot3_ws/install/turtlebot3_navigation2:/home/khanh247/software_simulation/turtlebot3_ws/install/turtlebot3_fake_node:/home/khanh247/software_simulation/turtlebot3_ws/install/turtlebot3_msgs:/home/khanh247/software_simulation/turtlebot3_ws/install/turtlebot3_gazebo:/home/khanh247/software_simulation/turtlebot3_ws/install/turtlebot3_description:/home/khanh247/software_simulation/turtlebot3_ws/install/turtlebot3_cartographer:/home/khanh247/software_simulation/turtlebot3_ws/install/plu_virtual_wall:/home/khanh247/software_simulation/turtlebot3_ws/install/nav2_system_tests:/home/khanh247/software_simulation/turtlebot3_ws/install/nav2_bringup:/home/khanh247/software_simulation/turtlebot3_ws/install/navigation2:/home/khanh247/software_simulation/turtlebot3_ws/install/nav2_smoother:/home/khanh247/software_simulation/turtlebot3_ws/install/nav2_graceful_controller:/home/khanh247/software_simulation/turtlebot3_ws/install/nav2_dwb_controller:/home/khanh247/software_simulation/turtlebot3_ws/install/nav2_controller:/home/khanh247/software_simulation/turtlebot3_ws/install/dwb_plugins:/home/khanh247/software_simulation/turtlebot3_ws/install/dwb_critics:/home/khanh247/software_simulation/turtlebot3_ws/install/dwb_core:/home/khanh247/software_simulation/turtlebot3_ws/install/nav_2d_utils:/home/khanh247/software_simulation/turtlebot3_ws/install/dwb_msgs:/home/khanh247/software_simulation/turtlebot3_ws/install/nav_2d_msgs:/home/khanh247/software_simulation/turtlebot3_ws/install/nav2_waypoint_follower:/home/khanh247/software_simulation/turtlebot3_ws/install/nav2_theta_star_planner:/home/khanh247/software_simulation/turtlebot3_ws/install/nav2_smac_planner:/home/khanh247/software_simulation/turtlebot3_ws/install/nav2_rotation_shim_controller:/home/khanh247/software_simulation/turtlebot3_ws/install/nav2_regulated_pure_pursuit_controller:/home/khanh247/software_simulation/turtlebot3_ws/install/nav2_planner:/home/khanh247/software_simulation/turtlebot3_ws/install/nav2_navfn_planner:/home/khanh247/software_simulation/turtlebot3_ws/install/nav2_mppi_controller:/home/khanh247/software_simulation/turtlebot3_ws/install/nav2_constrained_smoother:/home/khanh247/software_simulation/turtlebot3_ws/install/nav2_bt_navigator:/home/khanh247/software_simulation/turtlebot3_ws/install/nav2_behaviors:/home/khanh247/software_simulation/turtlebot3_ws/install/nav2_core:/home/khanh247/software_simulation/turtlebot3_ws/install/nav2_collision_monitor:/home/khanh247/software_simulation/turtlebot3_ws/install/costmap_queue:/home/khanh247/software_simulation/turtlebot3_ws/install/nav2_velocity_smoother:/home/khanh247/software_simulation/turtlebot3_ws/install/nav2_rviz_plugins:/home/khanh247/software_simulation/turtlebot3_ws/install/nav2_behavior_tree:/home/khanh247/software_simulation/turtlebot3_ws/install/nav2_amcl:/home/khanh247/software_simulation/turtlebot3_ws/install/dynamixel_sdk_examples:/home/khanh247/software_simulation/turtlebot3_ws/install/dynamixel_sdk_custom_interfaces:/home/khanh247/software_simulation/turtlebot3_ws/install/dynamixel_sdk:/home/khanh247/software_simulation/turtlebot3_ws/install/turtlebot3_teleop:/home/khanh247/software_simulation/turtlebot3_ws/install/turtlebot3_example:/home/khanh247/software_simulation/turtlebot3_ws/install/nav2_simple_commander:/opt/ros/humble LD_LIBRARY_PATH=/home/khanh247/software_simulation/turtlebot3_ws/install/nav2_costmap_2d/lib:/home/khanh247/software_simulation/turtlebot3_ws/install/nav2_map_server/lib:/home/khanh247/software_simulation/turtlebot3_ws/install/nav2_lifecycle_manager/lib:/home/khanh247/software_simulation/turtlebot3_ws/install/nav2_util/lib:/home/khanh247/software_simulation/turtlebot3_ws/install/nav2_voxel_grid/lib:/home/khanh247/software_simulation/turtlebot3_ws/install/nav2_msgs/lib:/home/khanh247/software_simulation/turtlebot3_ws/install/virtual_wall_ros2/lib:/home/khanh247/software_simulation/turtlebot3_ws/install/virtual_wall/lib:/home/khanh247/software_simulation/turtlebot3_ws/install/turtlebot3_msgs/lib:/home/khanh247/software_simulation/turtlebot3_ws/install/plu_virtual_wall/lib:/home/khanh247/software_simulation/turtlebot3_ws/install/nav2_smoother/lib:/home/khanh247/software_simulation/turtlebot3_ws/install/nav2_graceful_controller/lib:/home/khanh247/software_simulation/turtlebot3_ws/install/nav2_controller/lib:/home/khanh247/software_simulation/turtlebot3_ws/install/dwb_plugins/lib:/home/khanh247/software_simulation/turtlebot3_ws/install/dwb_critics/lib:/home/khanh247/software_simulation/turtlebot3_ws/install/dwb_core/lib:/home/khanh247/software_simulation/turtlebot3_ws/install/nav_2d_utils/lib:/home/khanh247/software_simulation/turtlebot3_ws/install/dwb_msgs/lib:/home/khanh247/software_simulation/turtlebot3_ws/install/nav_2d_msgs/lib:/home/khanh247/software_simulation/turtlebot3_ws/install/nav2_waypoint_follower/lib:/home/khanh247/software_simulation/turtlebot3_ws/install/nav2_theta_star_planner/lib:/home/khanh247/software_simulation/turtlebot3_ws/install/nav2_smac_planner/lib:/home/khanh247/software_simulation/turtlebot3_ws/install/nav2_rotation_shim_controller/lib:/home/khanh247/software_simulation/turtlebot3_ws/install/nav2_regulated_pure_pursuit_controller/lib:/home/khanh247/software_simulation/turtlebot3_ws/install/nav2_planner/lib:/home/khanh247/software_simulation/turtlebot3_ws/install/nav2_navfn_planner/lib:/home/khanh247/software_simulation/turtlebot3_ws/install/nav2_mppi_controller/lib:/home/khanh247/software_simulation/turtlebot3_ws/install/nav2_constrained_smoother/lib:/home/khanh247/software_simulation/turtlebot3_ws/install/nav2_bt_navigator/lib:/home/khanh247/software_simulation/turtlebot3_ws/install/nav2_behaviors/lib:/home/khanh247/software_simulation/turtlebot3_ws/install/nav2_collision_monitor/lib:/home/khanh247/software_simulation/turtlebot3_ws/install/costmap_queue/lib:/home/khanh247/software_simulation/turtlebot3_ws/install/nav2_velocity_smoother/lib:/home/khanh247/software_simulation/turtlebot3_ws/install/nav2_rviz_plugins/lib:/home/khanh247/software_simulation/turtlebot3_ws/install/nav2_behavior_tree/lib:/home/khanh247/software_simulation/turtlebot3_ws/install/nav2_amcl/lib:/home/khanh247/software_simulation/turtlebot3_ws/install/dynamixel_sdk_custom_interfaces/lib:/home/khanh247/software_simulation/turtlebot3_ws/install/dynamixel_sdk/lib:/usr/lib/x86_64-linux-gnu/gazebo-11/plugins:/opt/ros/humble/opt/rviz_ogre_vendor/lib:/opt/ros/humble/lib/x86_64-linux-gnu:/opt/ros/humble/lib /usr/bin/cmake --build /home/khanh247/software_simulation/turtlebot3_ws/build/plu_virtual_wall -- -j16 -l16
