[ 25%] [32mBuilding CXX object CMakeFiles/plu_virtual_wall.dir/src/virtual_wall_layer.cpp.o[0m
[01m[K/home/khanh247/software_simulation/turtlebot3_ws/src/plu_virtual_wall/src/virtual_wall_layer.cpp:[m[K In member function â€˜[01m[Krcl_interfaces::msg::SetParametersResult virtual_wall_ros2::VirtualWallLayer::dynamicParametersCallback(std::vector<rclcpp::Parameter>)[m[Kâ€™:
[01m[K/home/khanh247/software_simulation/turtlebot3_ws/src/plu_virtual_wall/src/virtual_wall_layer.cpp:346:17:[m[K [01;31m[Kerror: [m[Kâ€˜[01m[Ktransform_tolerance_[m[Kâ€™ was not declared in this scope
  346 |                 [01;31m[Ktransform_tolerance_[m[K = tf2::durationFromSec(parameter.as_double());
      |                 [01;31m[K^~~~~~~~~~~~~~~~~~~~[m[K
[01m[K/home/khanh247/software_simulation/turtlebot3_ws/src/plu_virtual_wall/src/virtual_wall_layer.cpp:351:17:[m[K [01;31m[Kerror: [m[Kâ€˜[01m[Khas_updated_data_[m[Kâ€™ was not declared in this scope
  351 |                 [01;31m[Khas_updated_data_[m[K = true;
      |                 [01;31m[K^~~~~~~~~~~~~~~~~[m[K
[01m[K/home/khanh247/software_simulation/turtlebot3_ws/src/plu_virtual_wall/src/virtual_wall_layer.cpp:356:17:[m[K [01;31m[Kerror: [m[Kâ€˜[01m[Kfootprint_clearing_enabled_[m[Kâ€™ was not declared in this scope
  356 |                 [01;31m[Kfootprint_clearing_enabled_[m[K = parameter.as_bool();
      |                 [01;31m[K^~~~~~~~~~~~~~~~~~~~~~~~~~~[m[K
[01m[K/home/khanh247/software_simulation/turtlebot3_ws/src/plu_virtual_wall/src/virtual_wall_layer.cpp:[m[K At global scope:
[01m[K/home/khanh247/software_simulation/turtlebot3_ws/src/plu_virtual_wall/src/virtual_wall_layer.cpp:366:84:[m[K [01;31m[Kerror: [m[Kexpected constructor, destructor, or type conversion at end of input
  366 | PLUGINLIB_EXPORT_CLASS(virtual_wall_ros2::VirtualWallLayer, nav2_costmap_2d::Layer)
      |                                                                                    [01;31m[K^[m[K
gmake[2]: *** [CMakeFiles/plu_virtual_wall.dir/build.make:76: CMakeFiles/plu_virtual_wall.dir/src/virtual_wall_layer.cpp.o] Error 1
gmake[1]: *** [CMakeFiles/Makefile2:139: CMakeFiles/plu_virtual_wall.dir/all] Error 2
gmake: *** [Makefile:146: all] Error 2
