[35m[1mConsolidate compiler generated dependencies of target plu_virtual_wall[0m
[ 25%] [32mBuilding CXX object CMakeFiles/plu_virtual_wall.dir/src/virtual_wall_layer.cpp.o[0m
[01m[K/home/khanh247/software_simulation/turtlebot3_ws/src/plu_virtual_wall/src/virtual_wall_layer.cpp:232:6:[m[K [01;31m[Kerror: [m[Kno declaration matches ‚Äò[01m[Kbool virtual_wall_ros2::VirtualWallLayer::isClearable() const[m[K‚Äô
  232 | bool [01;31m[KVirtualWallLayer[m[K::isClearable() const
      |      [01;31m[K^~~~~~~~~~~~~~~~[m[K
In file included from [01m[K/home/khanh247/software_simulation/turtlebot3_ws/src/plu_virtual_wall/src/virtual_wall_layer.cpp:1[m[K:
[01m[K/home/khanh247/software_simulation/turtlebot3_ws/src/plu_virtual_wall/include/plu_virtual_wall/virtual_wall_layer.hpp:25:18:[m[K [01;36m[Knote: [m[Kcandidate is: ‚Äò[01m[Kvirtual bool virtual_wall_ros2::VirtualWallLayer::isClearable()[m[K‚Äô
   25 |     virtual bool [01;36m[KisClearable[m[K() override; // Lo·∫°i b·ªè t·ª´ kh√≥a 'const'
      |                  [01;36m[K^~~~~~~~~~~[m[K
In file included from [01m[K/home/khanh247/software_simulation/turtlebot3_ws/src/plu_virtual_wall/src/virtual_wall_layer.cpp:1[m[K:
[01m[K/home/khanh247/software_simulation/turtlebot3_ws/src/plu_virtual_wall/include/plu_virtual_wall/virtual_wall_layer.hpp:17:7:[m[K [01;36m[Knote: [m[K‚Äò[01m[Kclass virtual_wall_ros2::VirtualWallLayer[m[K‚Äô defined here
   17 | class [01;36m[KVirtualWallLayer[m[K : public nav2_costmap_2d::Layer
      |       [01;36m[K^~~~~~~~~~~~~~~~[m[K
gmake[2]: *** [CMakeFiles/plu_virtual_wall.dir/build.make:76: CMakeFiles/plu_virtual_wall.dir/src/virtual_wall_layer.cpp.o] Error 1
gmake[1]: *** [CMakeFiles/Makefile2:139: CMakeFiles/plu_virtual_wall.dir/all] Error 2
gmake: *** [Makefile:146: all] Error 2
