[0.024s] Invoking command in '/home/khanh247/software_simulation/turtlebot3_ws/build/virtual_wall': AMENT_PREFIX_PATH=/home/khanh247/software_simulation/turtlebot3_ws/install/nav2_costmap_2d:/home/khanh247/software_simulation/turtlebot3_ws/install/nav2_map_server:/home/khanh247/software_simulation/turtlebot3_ws/install/nav2_lifecycle_manager:/home/khanh247/software_simulation/turtlebot3_ws/install/nav2_util:/home/khanh247/software_simulation/turtlebot3_ws/install/nav2_voxel_grid:/home/khanh247/software_simulation/turtlebot3_ws/install/nav2_msgs:/home/khanh247/software_simulation/turtlebot3_ws/install/nav2_common:${AMENT_PREFIX_PATH} CMAKE_PREFIX_PATH=/home/khanh247/software_simulation/turtlebot3_ws/install/nav2_costmap_2d:/home/khanh247/software_simulation/turtlebot3_ws/install/nav2_map_server:/home/khanh247/software_simulation/turtlebot3_ws/install/nav2_lifecycle_manager:/home/khanh247/software_simulation/turtlebot3_ws/install/nav2_util:/home/khanh247/software_simulation/turtlebot3_ws/install/nav2_voxel_grid:/home/khanh247/software_simulation/turtlebot3_ws/install/nav2_msgs:/home/khanh247/software_simulation/turtlebot3_ws/install/nav2_common:/opt/ros/humble LD_LIBRARY_PATH=/home/khanh247/software_simulation/turtlebot3_ws/install/nav2_costmap_2d/lib:/home/khanh247/software_simulation/turtlebot3_ws/install/nav2_map_server/lib:/home/khanh247/software_simulation/turtlebot3_ws/install/nav2_lifecycle_manager/lib:/home/khanh247/software_simulation/turtlebot3_ws/install/nav2_util/lib:/home/khanh247/software_simulation/turtlebot3_ws/install/nav2_voxel_grid/lib:/home/khanh247/software_simulation/turtlebot3_ws/install/nav2_msgs/lib:${LD_LIBRARY_PATH} PYTHONPATH=/home/khanh247/software_simulation/turtlebot3_ws/install/nav2_msgs/local/lib/python3.10/dist-packages:/home/khanh247/software_simulation/turtlebot3_ws/install/nav2_common/local/lib/python3.10/dist-packages:${PYTHONPATH} /usr/bin/cmake --build /home/khanh247/software_simulation/turtlebot3_ws/build/virtual_wall -- -j16 -l16
[0.075s] [  2%] Built target virtual_wall__cpp
[0.085s] [ 12%] Built target virtual_wall__rosidl_generator_c
[0.089s] [ 12%] Built target ament_cmake_python_copy_virtual_wall
[0.099s] [ 14%] [32m[1mLinking CXX executable virtual_wall_server[0m
[0.113s] [ 24%] Built target virtual_wall__rosidl_typesupport_cpp
[0.117s] [ 34%] Built target virtual_wall__rosidl_typesupport_fastrtps_cpp
[0.126s] [ 44%] Built target virtual_wall__rosidl_typesupport_introspection_cpp
[0.126s] [ 55%] Built target virtual_wall__rosidl_typesupport_fastrtps_c
[0.129s] [ 65%] Built target virtual_wall__rosidl_typesupport_introspection_c
[0.143s] [ 75%] Built target virtual_wall__rosidl_typesupport_c
[0.169s] [ 75%] Built target virtual_wall
[0.212s] [ 77%] Built target virtual_wall__py
[0.240s] [ 85%] Built target virtual_wall__rosidl_generator_py
[0.297s] [ 89%] Built target virtual_wall__rosidl_typesupport_c__pyext
[0.315s] [ 93%] Built target virtual_wall__rosidl_typesupport_fastrtps_c__pyext
[0.331s] [ 97%] Built target virtual_wall__rosidl_typesupport_introspection_c__pyext
[0.453s] running egg_info
[0.515s] writing virtual_wall.egg-info/PKG-INFO
[0.515s] writing dependency_links to virtual_wall.egg-info/dependency_links.txt
[0.515s] writing top-level names to virtual_wall.egg-info/top_level.txt
[0.585s] reading manifest file 'virtual_wall.egg-info/SOURCES.txt'
[0.588s] writing manifest file 'virtual_wall.egg-info/SOURCES.txt'
[0.858s] [ 97%] Built target ament_cmake_python_build_virtual_wall_egg
[9.240s] /usr/bin/ld: cannot find -lrosidl_typesupport_cpp: No such file or directory
[14.345s] collect2: error: ld returned 1 exit status
[14.347s] gmake[2]: *** [CMakeFiles/virtual_wall_server.dir/build.make:897: virtual_wall_server] Error 1
[14.347s] gmake[1]: *** [CMakeFiles/Makefile2:592: CMakeFiles/virtual_wall_server.dir/all] Error 2
[14.347s] gmake: *** [Makefile:146: all] Error 2
[14.349s] Invoked command in '/home/khanh247/software_simulation/turtlebot3_ws/build/virtual_wall' returned '2': AMENT_PREFIX_PATH=/home/khanh247/software_simulation/turtlebot3_ws/install/nav2_costmap_2d:/home/khanh247/software_simulation/turtlebot3_ws/install/nav2_map_server:/home/khanh247/software_simulation/turtlebot3_ws/install/nav2_lifecycle_manager:/home/khanh247/software_simulation/turtlebot3_ws/install/nav2_util:/home/khanh247/software_simulation/turtlebot3_ws/install/nav2_voxel_grid:/home/khanh247/software_simulation/turtlebot3_ws/install/nav2_msgs:/home/khanh247/software_simulation/turtlebot3_ws/install/nav2_common:${AMENT_PREFIX_PATH} CMAKE_PREFIX_PATH=/home/khanh247/software_simulation/turtlebot3_ws/install/nav2_costmap_2d:/home/khanh247/software_simulation/turtlebot3_ws/install/nav2_map_server:/home/khanh247/software_simulation/turtlebot3_ws/install/nav2_lifecycle_manager:/home/khanh247/software_simulation/turtlebot3_ws/install/nav2_util:/home/khanh247/software_simulation/turtlebot3_ws/install/nav2_voxel_grid:/home/khanh247/software_simulation/turtlebot3_ws/install/nav2_msgs:/home/khanh247/software_simulation/turtlebot3_ws/install/nav2_common:/opt/ros/humble LD_LIBRARY_PATH=/home/khanh247/software_simulation/turtlebot3_ws/install/nav2_costmap_2d/lib:/home/khanh247/software_simulation/turtlebot3_ws/install/nav2_map_server/lib:/home/khanh247/software_simulation/turtlebot3_ws/install/nav2_lifecycle_manager/lib:/home/khanh247/software_simulation/turtlebot3_ws/install/nav2_util/lib:/home/khanh247/software_simulation/turtlebot3_ws/install/nav2_voxel_grid/lib:/home/khanh247/software_simulation/turtlebot3_ws/install/nav2_msgs/lib:${LD_LIBRARY_PATH} PYTHONPATH=/home/khanh247/software_simulation/turtlebot3_ws/install/nav2_msgs/local/lib/python3.10/dist-packages:/home/khanh247/software_simulation/turtlebot3_ws/install/nav2_common/local/lib/python3.10/dist-packages:${PYTHONPATH} /usr/bin/cmake --build /home/khanh247/software_simulation/turtlebot3_ws/build/virtual_wall -- -j16 -l16
